[INFO]-[2018/10/26 13:11:20] DB Copy: Creating table wpstg0_commentmeta
[INFO]-[2018/10/26 13:11:20] DB Copy: wp_commentmeta as wpstg0_commentmeta from 0 to 10000 records
[INFO]-[2018/10/26 13:11:20] DB Copy: Creating table wpstg0_commentmeta
[INFO]-[2018/10/26 13:11:20] DB Copy: wp_commentmeta as wpstg0_commentmeta from 0 to 10000 records
[INFO]-[2018/10/26 13:11:20] DB Copy: Creating table wpstg0_comments
[INFO]-[2018/10/26 13:11:20] DB Copy: wp_comments as wpstg0_comments from 0 to 10000 records
[INFO]-[2018/10/26 13:11:20] DB Copy: Creating table wpstg0_comments
[INFO]-[2018/10/26 13:11:20] DB Copy: wp_comments as wpstg0_comments from 0 to 10000 records
[INFO]-[2018/10/26 13:11:20] DB Copy: Creating table wpstg0_links
[INFO]-[2018/10/26 13:11:20] DB Copy: Creating table wpstg0_links
[INFO]-[2018/10/26 13:11:20] DB Copy: Creating table wpstg0_options
[INFO]-[2018/10/26 13:11:20] DB Copy: wp_options as wpstg0_options from 0 to 10000 records
[INFO]-[2018/10/26 13:11:20] DB Copy: Creating table wpstg0_options
[INFO]-[2018/10/26 13:11:20] DB Copy: wp_options as wpstg0_options from 0 to 10000 records
[INFO]-[2018/10/26 13:11:21] DB Copy: Creating table wpstg0_postmeta
[INFO]-[2018/10/26 13:11:21] DB Copy: wp_postmeta as wpstg0_postmeta from 0 to 10000 records
[INFO]-[2018/10/26 13:11:21] DB Copy: Creating table wpstg0_postmeta
[INFO]-[2018/10/26 13:11:21] DB Copy: wp_postmeta as wpstg0_postmeta from 0 to 10000 records
[INFO]-[2018/10/26 13:11:21] DB Copy: Creating table wpstg0_posts
[INFO]-[2018/10/26 13:11:21] DB Copy: wp_posts as wpstg0_posts from 0 to 10000 records
[INFO]-[2018/10/26 13:11:21] DB Copy: Creating table wpstg0_posts
[INFO]-[2018/10/26 13:11:21] DB Copy: wp_posts as wpstg0_posts from 0 to 10000 records
[INFO]-[2018/10/26 13:11:21] DB Copy: Creating table wpstg0_revisr
[INFO]-[2018/10/26 13:11:21] DB Copy: Creating table wpstg0_revisr
[INFO]-[2018/10/26 13:11:21] DB Copy: Creating table wpstg0_revslider_css
[INFO]-[2018/10/26 13:11:21] DB Copy: wp_revslider_css as wpstg0_revslider_css from 0 to 10000 records
[INFO]-[2018/10/26 13:11:21] DB Copy: Creating table wpstg0_revslider_css
[INFO]-[2018/10/26 13:11:21] DB Copy: wp_revslider_css as wpstg0_revslider_css from 0 to 10000 records
[INFO]-[2018/10/26 13:11:21] DB Copy: Creating table wpstg0_revslider_layer_animations
[INFO]-[2018/10/26 13:11:21] DB Copy: Creating table wpstg0_revslider_layer_animations
[INFO]-[2018/10/26 13:11:22] DB Copy: Creating table wpstg0_revslider_navigations
[INFO]-[2018/10/26 13:11:22] DB Copy: Creating table wpstg0_revslider_navigations
[INFO]-[2018/10/26 13:11:22] DB Copy: Creating table wpstg0_revslider_sliders
[INFO]-[2018/10/26 13:11:22] DB Copy: wp_revslider_sliders as wpstg0_revslider_sliders from 0 to 10000 records
[INFO]-[2018/10/26 13:11:22] DB Copy: Creating table wpstg0_revslider_sliders
[INFO]-[2018/10/26 13:11:22] DB Copy: wp_revslider_sliders as wpstg0_revslider_sliders from 0 to 10000 records
[INFO]-[2018/10/26 13:11:22] DB Copy: Creating table wpstg0_revslider_slides
[INFO]-[2018/10/26 13:11:22] DB Copy: wp_revslider_slides as wpstg0_revslider_slides from 0 to 10000 records
[INFO]-[2018/10/26 13:11:22] DB Copy: Creating table wpstg0_revslider_slides
[INFO]-[2018/10/26 13:11:22] DB Copy: wp_revslider_slides as wpstg0_revslider_slides from 0 to 10000 records
[INFO]-[2018/10/26 13:11:22] DB Copy: Creating table wpstg0_revslider_static_slides
[INFO]-[2018/10/26 13:11:22] DB Copy: Creating table wpstg0_revslider_static_slides
[INFO]-[2018/10/26 13:11:22] DB Copy: Creating table wpstg0_term_relationships
[INFO]-[2018/10/26 13:11:22] DB Copy: wp_term_relationships as wpstg0_term_relationships from 0 to 10000 records
[INFO]-[2018/10/26 13:11:22] DB Copy: Creating table wpstg0_term_relationships
[INFO]-[2018/10/26 13:11:22] DB Copy: wp_term_relationships as wpstg0_term_relationships from 0 to 10000 records
[INFO]-[2018/10/26 13:11:22] DB Copy: Creating table wpstg0_term_taxonomy
[INFO]-[2018/10/26 13:11:22] DB Copy: wp_term_taxonomy as wpstg0_term_taxonomy from 0 to 10000 records
[INFO]-[2018/10/26 13:11:22] DB Copy: Creating table wpstg0_term_taxonomy
[INFO]-[2018/10/26 13:11:22] DB Copy: wp_term_taxonomy as wpstg0_term_taxonomy from 0 to 10000 records
[INFO]-[2018/10/26 13:11:22] DB Copy: Creating table wpstg0_termmeta
[INFO]-[2018/10/26 13:11:22] DB Copy: wp_termmeta as wpstg0_termmeta from 0 to 10000 records
[INFO]-[2018/10/26 13:11:22] DB Copy: Creating table wpstg0_termmeta
[INFO]-[2018/10/26 13:11:22] DB Copy: wp_termmeta as wpstg0_termmeta from 0 to 10000 records
[INFO]-[2018/10/26 13:11:22] DB Copy: Creating table wpstg0_terms
[INFO]-[2018/10/26 13:11:22] DB Copy: wp_terms as wpstg0_terms from 0 to 10000 records
[INFO]-[2018/10/26 13:11:22] DB Copy: Creating table wpstg0_terms
[INFO]-[2018/10/26 13:11:22] DB Copy: wp_terms as wpstg0_terms from 0 to 10000 records
[INFO]-[2018/10/26 13:11:23] DB Copy: Creating table wpstg0_usermeta
[INFO]-[2018/10/26 13:11:23] DB Copy: wp_usermeta as wpstg0_usermeta from 0 to 10000 records
[INFO]-[2018/10/26 13:11:23] DB Copy: Creating table wpstg0_usermeta
[INFO]-[2018/10/26 13:11:23] DB Copy: wp_usermeta as wpstg0_usermeta from 0 to 10000 records
[INFO]-[2018/10/26 13:11:23] DB Copy: Creating table wpstg0_users
[INFO]-[2018/10/26 13:11:23] DB Copy: wp_users as wpstg0_users from 0 to 10000 records
[INFO]-[2018/10/26 13:11:23] DB Copy: Creating table wpstg0_users
[INFO]-[2018/10/26 13:11:23] DB Copy: wp_users as wpstg0_users from 0 to 10000 records
[INFO]-[2018/10/26 13:11:23] DB Copy: Creating table wpstg0_wc_download_log
[INFO]-[2018/10/26 13:11:23] DB Copy: Creating table wpstg0_wc_download_log
[INFO]-[2018/10/26 13:11:23] DB Copy: Creating table wpstg0_wc_webhooks
[INFO]-[2018/10/26 13:11:23] DB Copy: Creating table wpstg0_wc_webhooks
[INFO]-[2018/10/26 13:11:23] DB Copy: Creating table wpstg0_woocommerce_api_keys
[INFO]-[2018/10/26 13:11:23] DB Copy: Creating table wpstg0_woocommerce_api_keys
[INFO]-[2018/10/26 13:11:23] DB Copy: Creating table wpstg0_woocommerce_attribute_taxonomies
[INFO]-[2018/10/26 13:11:23] DB Copy: Creating table wpstg0_woocommerce_attribute_taxonomies
[INFO]-[2018/10/26 13:11:23] DB Copy: Creating table wpstg0_woocommerce_downloadable_product_permissions
[INFO]-[2018/10/26 13:11:23] DB Copy: Creating table wpstg0_woocommerce_downloadable_product_permissions
[INFO]-[2018/10/26 13:11:23] DB Copy: Creating table wpstg0_woocommerce_log
[INFO]-[2018/10/26 13:11:23] DB Copy: Creating table wpstg0_woocommerce_log
[INFO]-[2018/10/26 13:11:23] DB Copy: Creating table wpstg0_woocommerce_order_itemmeta
[INFO]-[2018/10/26 13:11:23] DB Copy: Creating table wpstg0_woocommerce_order_itemmeta
[INFO]-[2018/10/26 13:11:24] DB Copy: Creating table wpstg0_woocommerce_order_items
[INFO]-[2018/10/26 13:11:24] DB Copy: Creating table wpstg0_woocommerce_order_items
[INFO]-[2018/10/26 13:11:24] DB Copy: Creating table wpstg0_woocommerce_payment_tokenmeta
[INFO]-[2018/10/26 13:11:24] DB Copy: Creating table wpstg0_woocommerce_payment_tokenmeta
[INFO]-[2018/10/26 13:11:24] DB Copy: Creating table wpstg0_woocommerce_payment_tokens
[INFO]-[2018/10/26 13:11:24] DB Copy: Creating table wpstg0_woocommerce_payment_tokens
[INFO]-[2018/10/26 13:11:24] DB Copy: Creating table wpstg0_woocommerce_sessions
[INFO]-[2018/10/26 13:11:24] DB Copy: wp_woocommerce_sessions as wpstg0_woocommerce_sessions from 0 to 10000 records
[INFO]-[2018/10/26 13:11:24] DB Copy: Creating table wpstg0_woocommerce_sessions
[INFO]-[2018/10/26 13:11:24] DB Copy: wp_woocommerce_sessions as wpstg0_woocommerce_sessions from 0 to 10000 records
[INFO]-[2018/10/26 13:11:24] DB Copy: Creating table wpstg0_woocommerce_shipping_zone_locations
[INFO]-[2018/10/26 13:11:24] DB Copy: Creating table wpstg0_woocommerce_shipping_zone_locations
[INFO]-[2018/10/26 13:11:24] DB Copy: Creating table wpstg0_woocommerce_shipping_zone_methods
[INFO]-[2018/10/26 13:11:24] DB Copy: Creating table wpstg0_woocommerce_shipping_zone_methods
[INFO]-[2018/10/26 13:11:24] DB Copy: Creating table wpstg0_woocommerce_shipping_zones
[INFO]-[2018/10/26 13:11:24] DB Copy: Creating table wpstg0_woocommerce_shipping_zones
[INFO]-[2018/10/26 13:11:24] DB Copy: Creating table wpstg0_woocommerce_tax_rate_locations
[INFO]-[2018/10/26 13:11:24] DB Copy: Creating table wpstg0_woocommerce_tax_rate_locations
[INFO]-[2018/10/26 13:11:25] DB Copy: Creating table wpstg0_woocommerce_tax_rates
[INFO]-[2018/10/26 13:11:25] DB Copy: Creating table wpstg0_woocommerce_tax_rates
[]-[] 
[]-[] 
[INFO]-[2018/10/26 13:11:25] DB Processing:  Table wpstg0_commentmeta 0 to 5000 records
[INFO]-[2018/10/26 13:11:25] DB Processing:  Table wpstg0_commentmeta 0 to 5000 records
[INFO]-[2018/10/26 13:11:25] DB Processing:  Table wpstg0_comments 0 to 5000 records
[INFO]-[2018/10/26 13:11:25] DB Processing:  Table wpstg0_comments 0 to 5000 records
[]-[] 
[]-[] 
[INFO]-[2018/10/26 13:11:25] DB Processing:  Table wpstg0_options 0 to 5000 records
[INFO]-[2018/10/26 13:11:25] DB Processing:  Table wpstg0_options 0 to 5000 records
[INFO]-[2018/10/26 13:11:25] DB Processing:  Table wpstg0_postmeta 0 to 5000 records
[INFO]-[2018/10/26 13:11:25] DB Processing:  Table wpstg0_postmeta 0 to 5000 records
[INFO]-[2018/10/26 13:11:25] DB Processing:  Table wpstg0_posts 0 to 5000 records
[INFO]-[2018/10/26 13:11:25] DB Processing:  Table wpstg0_posts 0 to 5000 records
[]-[] 
[]-[] 
[INFO]-[2018/10/26 13:11:26] DB Processing:  Table wpstg0_revslider_css 0 to 5000 records
[INFO]-[2018/10/26 13:11:26] DB Processing:  Table wpstg0_revslider_css 0 to 5000 records
[]-[] 
[]-[] 
[]-[] 
[]-[] 
[INFO]-[2018/10/26 13:11:26] DB Processing:  Table wpstg0_revslider_sliders 0 to 5000 records
[INFO]-[2018/10/26 13:11:26] DB Processing:  Table wpstg0_revslider_sliders 0 to 5000 records
[INFO]-[2018/10/26 13:11:26] DB Processing:  Table wpstg0_revslider_slides 0 to 5000 records
[INFO]-[2018/10/26 13:11:26] DB Processing:  Table wpstg0_revslider_slides 0 to 5000 records
[]-[] 
[]-[] 
[INFO]-[2018/10/26 13:11:26] DB Processing:  Table wpstg0_term_relationships 0 to 5000 records
[INFO]-[2018/10/26 13:11:26] DB Processing:  Table wpstg0_term_relationships 0 to 5000 records
[INFO]-[2018/10/26 13:11:26] DB Processing:  Table wpstg0_term_taxonomy 0 to 5000 records
[INFO]-[2018/10/26 13:11:26] DB Processing:  Table wpstg0_term_taxonomy 0 to 5000 records
[INFO]-[2018/10/26 13:11:27] DB Processing:  Table wpstg0_termmeta 0 to 5000 records
[INFO]-[2018/10/26 13:11:27] DB Processing:  Table wpstg0_termmeta 0 to 5000 records
[INFO]-[2018/10/26 13:11:27] DB Processing:  Table wpstg0_terms 0 to 5000 records
[INFO]-[2018/10/26 13:11:27] DB Processing:  Table wpstg0_terms 0 to 5000 records
[INFO]-[2018/10/26 13:11:27] DB Processing:  Table wpstg0_usermeta 0 to 5000 records
[INFO]-[2018/10/26 13:11:27] DB Processing:  Table wpstg0_usermeta 0 to 5000 records
[INFO]-[2018/10/26 13:11:27] DB Processing:  Table wpstg0_users 0 to 5000 records
[INFO]-[2018/10/26 13:11:27] DB Processing:  Table wpstg0_users 0 to 5000 records
[]-[] 
[]-[] 
[]-[] 
[]-[] 
[]-[] 
[]-[] 
[]-[] 
[]-[] 
[]-[] 
[]-[] 
[]-[] 
[]-[] 
[]-[] 
[]-[] 
[]-[] 
[]-[] 
[]-[] 
[]-[] 
[]-[] 
[]-[] 
[INFO]-[2018/10/26 13:11:28] DB Processing:  Table wpstg0_woocommerce_sessions 0 to 5000 records
[INFO]-[2018/10/26 13:11:28] DB Processing:  Table wpstg0_woocommerce_sessions 0 to 5000 records
[]-[] 
[]-[] 
[]-[] 
[]-[] 
[]-[] 
[]-[] 
[]-[] 
[]-[] 
[]-[] 
[]-[] 
[]-[] 
[]-[] 
[INFO]-[2018/10/26 13:11:29] Scanning / for files
[INFO]-[2018/10/26 13:11:29] Scanning / for files
[INFO]-[2018/10/26 13:11:29] Scanning /wp-content for its sub-directories and files
[INFO]-[2018/10/26 13:11:29] Scanning /wp-content for its sub-directories and files
[INFO]-[2018/10/26 13:11:29] Scanning /wp-includes for its sub-directories and files
[INFO]-[2018/10/26 13:11:29] Scanning /wp-includes for its sub-directories and files
[INFO]-[2018/10/26 13:11:29] Scanning /wp-admin for its sub-directories and files
[INFO]-[2018/10/26 13:11:29] Scanning /wp-admin for its sub-directories and files
[INFO]-[2018/10/26 13:11:30] Copying files...
[INFO]-[2018/10/26 13:11:30] Total 50 files processed
[INFO]-[2018/10/26 13:11:30] Copying files...
[INFO]-[2018/10/26 13:11:30] Total 50 files processed
[INFO]-[2018/10/26 13:11:30] Total 100 files processed
[INFO]-[2018/10/26 13:11:30] Total 100 files processed
[INFO]-[2018/10/26 13:11:30] Total 150 files processed
[INFO]-[2018/10/26 13:11:30] Total 150 files processed
[INFO]-[2018/10/26 13:11:30] Total 200 files processed
[INFO]-[2018/10/26 13:11:30] Total 200 files processed
[INFO]-[2018/10/26 13:11:30] Total 250 files processed
[INFO]-[2018/10/26 13:11:30] Total 250 files processed
[INFO]-[2018/10/26 13:11:30] Total 300 files processed
[INFO]-[2018/10/26 13:11:30] Total 300 files processed
[INFO]-[2018/10/26 13:11:30] Total 350 files processed
[INFO]-[2018/10/26 13:11:30] Total 350 files processed
[INFO]-[2018/10/26 13:11:30] Total 400 files processed
[INFO]-[2018/10/26 13:11:30] Total 400 files processed
[INFO]-[2018/10/26 13:11:30] Total 450 files processed
[INFO]-[2018/10/26 13:11:30] Total 450 files processed
[INFO]-[2018/10/26 13:11:30] Total 500 files processed
[INFO]-[2018/10/26 13:11:30] Total 500 files processed
[INFO]-[2018/10/26 13:11:31] Total 550 files processed
[INFO]-[2018/10/26 13:11:31] Total 550 files processed
[INFO]-[2018/10/26 13:11:31] Total 600 files processed
[INFO]-[2018/10/26 13:11:31] Total 600 files processed
[INFO]-[2018/10/26 13:11:31] Total 650 files processed
[INFO]-[2018/10/26 13:11:31] Total 650 files processed
[INFO]-[2018/10/26 13:11:31] Total 700 files processed
[INFO]-[2018/10/26 13:11:31] Total 700 files processed
[INFO]-[2018/10/26 13:11:31] Total 750 files processed
[INFO]-[2018/10/26 13:11:31] Total 750 files processed
[INFO]-[2018/10/26 13:11:31] Total 800 files processed
[INFO]-[2018/10/26 13:11:31] Total 800 files processed
[INFO]-[2018/10/26 13:11:31] Total 850 files processed
[INFO]-[2018/10/26 13:11:31] Total 850 files processed
[INFO]-[2018/10/26 13:11:31] Total 900 files processed
[INFO]-[2018/10/26 13:11:31] Total 900 files processed
[INFO]-[2018/10/26 13:11:31] Total 950 files processed
[INFO]-[2018/10/26 13:11:31] Total 950 files processed
[INFO]-[2018/10/26 13:11:32] Total 1000 files processed
[INFO]-[2018/10/26 13:11:32] Total 1000 files processed
[INFO]-[2018/10/26 13:11:32] Total 1050 files processed
[INFO]-[2018/10/26 13:11:32] Total 1050 files processed
[INFO]-[2018/10/26 13:11:32] Total 1100 files processed
[INFO]-[2018/10/26 13:11:32] Total 1100 files processed
[INFO]-[2018/10/26 13:11:32] Total 1150 files processed
[INFO]-[2018/10/26 13:11:32] Total 1150 files processed
[INFO]-[2018/10/26 13:11:32] Total 1200 files processed
[INFO]-[2018/10/26 13:11:32] Total 1200 files processed
[INFO]-[2018/10/26 13:11:32] Total 1250 files processed
[INFO]-[2018/10/26 13:11:32] Total 1250 files processed
[INFO]-[2018/10/26 13:11:32] Total 1300 files processed
[INFO]-[2018/10/26 13:11:32] Total 1300 files processed
[INFO]-[2018/10/26 13:11:32] Total 1350 files processed
[INFO]-[2018/10/26 13:11:32] Total 1350 files processed
[INFO]-[2018/10/26 13:11:32] Total 1400 files processed
[INFO]-[2018/10/26 13:11:32] Total 1400 files processed
[INFO]-[2018/10/26 13:11:33] Total 1450 files processed
[INFO]-[2018/10/26 13:11:33] Total 1450 files processed
[INFO]-[2018/10/26 13:11:33] Total 1500 files processed
[INFO]-[2018/10/26 13:11:33] Total 1500 files processed
[INFO]-[2018/10/26 13:11:33] Total 1550 files processed
[INFO]-[2018/10/26 13:11:33] Total 1550 files processed
[INFO]-[2018/10/26 13:11:33] Total 1600 files processed
[INFO]-[2018/10/26 13:11:33] Total 1600 files processed
[INFO]-[2018/10/26 13:11:33] Total 1650 files processed
[INFO]-[2018/10/26 13:11:33] Total 1650 files processed
[INFO]-[2018/10/26 13:11:33] Total 1700 files processed
[INFO]-[2018/10/26 13:11:33] Total 1700 files processed
[INFO]-[2018/10/26 13:11:33] Total 1750 files processed
[INFO]-[2018/10/26 13:11:33] Total 1750 files processed
[INFO]-[2018/10/26 13:11:33] Total 1800 files processed
[INFO]-[2018/10/26 13:11:33] Total 1800 files processed
[INFO]-[2018/10/26 13:11:33] Total 1850 files processed
[INFO]-[2018/10/26 13:11:33] Total 1850 files processed
[INFO]-[2018/10/26 13:11:33] Total 1900 files processed
[INFO]-[2018/10/26 13:11:33] Total 1900 files processed
[INFO]-[2018/10/26 13:11:34] Total 1950 files processed
[INFO]-[2018/10/26 13:11:34] Total 1950 files processed
[INFO]-[2018/10/26 13:11:34] Total 2000 files processed
[INFO]-[2018/10/26 13:11:34] Total 2000 files processed
[INFO]-[2018/10/26 13:11:34] Total 2050 files processed
[INFO]-[2018/10/26 13:11:34] Total 2050 files processed
[INFO]-[2018/10/26 13:11:34] Total 2100 files processed
[INFO]-[2018/10/26 13:11:34] Total 2100 files processed
[INFO]-[2018/10/26 13:11:34] Total 2150 files processed
[INFO]-[2018/10/26 13:11:34] Total 2150 files processed
[INFO]-[2018/10/26 13:11:34] Total 2200 files processed
[INFO]-[2018/10/26 13:11:34] Total 2200 files processed
[INFO]-[2018/10/26 13:11:34] Total 2250 files processed
[INFO]-[2018/10/26 13:11:34] Total 2250 files processed
[INFO]-[2018/10/26 13:11:34] Total 2300 files processed
[INFO]-[2018/10/26 13:11:34] Total 2300 files processed
[INFO]-[2018/10/26 13:11:34] Total 2350 files processed
[INFO]-[2018/10/26 13:11:34] Total 2350 files processed
[INFO]-[2018/10/26 13:11:35] Total 2400 files processed
[INFO]-[2018/10/26 13:11:35] Total 2400 files processed
[INFO]-[2018/10/26 13:11:35] Total 2450 files processed
[INFO]-[2018/10/26 13:11:35] Total 2450 files processed
[INFO]-[2018/10/26 13:11:35] Total 2500 files processed
[INFO]-[2018/10/26 13:11:35] Total 2500 files processed
[INFO]-[2018/10/26 13:11:35] Total 2550 files processed
[INFO]-[2018/10/26 13:11:35] Total 2550 files processed
[INFO]-[2018/10/26 13:11:35] Total 2600 files processed
[INFO]-[2018/10/26 13:11:35] Total 2600 files processed
[INFO]-[2018/10/26 13:11:35] Total 2650 files processed
[INFO]-[2018/10/26 13:11:35] Total 2650 files processed
[INFO]-[2018/10/26 13:11:35] Total 2700 files processed
[INFO]-[2018/10/26 13:11:35] Total 2700 files processed
[INFO]-[2018/10/26 13:11:35] Total 2750 files processed
[INFO]-[2018/10/26 13:11:35] Total 2750 files processed
[INFO]-[2018/10/26 13:11:35] Total 2800 files processed
[INFO]-[2018/10/26 13:11:35] Total 2800 files processed
[INFO]-[2018/10/26 13:11:35] Total 2850 files processed
[INFO]-[2018/10/26 13:11:35] Total 2850 files processed
[INFO]-[2018/10/26 13:11:36] Total 2900 files processed
[INFO]-[2018/10/26 13:11:36] Total 2900 files processed
[INFO]-[2018/10/26 13:11:36] Total 2950 files processed
[INFO]-[2018/10/26 13:11:36] Total 2950 files processed
[INFO]-[2018/10/26 13:11:36] Total 3000 files processed
[INFO]-[2018/10/26 13:11:36] Total 3000 files processed
[INFO]-[2018/10/26 13:11:36] Total 3050 files processed
[INFO]-[2018/10/26 13:11:36] Total 3050 files processed
[INFO]-[2018/10/26 13:11:36] Total 3100 files processed
[INFO]-[2018/10/26 13:11:36] Total 3100 files processed
[INFO]-[2018/10/26 13:11:36] Total 3150 files processed
[INFO]-[2018/10/26 13:11:36] Total 3150 files processed
[INFO]-[2018/10/26 13:11:36] Total 3200 files processed
[INFO]-[2018/10/26 13:11:36] Total 3200 files processed
[INFO]-[2018/10/26 13:11:36] Total 3250 files processed
[INFO]-[2018/10/26 13:11:36] Total 3250 files processed
[INFO]-[2018/10/26 13:11:36] Total 3300 files processed
[INFO]-[2018/10/26 13:11:36] Total 3300 files processed
[INFO]-[2018/10/26 13:11:36] Total 3350 files processed
[INFO]-[2018/10/26 13:11:36] Total 3350 files processed
[INFO]-[2018/10/26 13:11:37] Total 3400 files processed
[INFO]-[2018/10/26 13:11:37] Total 3400 files processed
[INFO]-[2018/10/26 13:11:37] Total 3450 files processed
[INFO]-[2018/10/26 13:11:37] Total 3450 files processed
[INFO]-[2018/10/26 13:11:37] Total 3500 files processed
[INFO]-[2018/10/26 13:11:37] Total 3500 files processed
[INFO]-[2018/10/26 13:11:37] Total 3550 files processed
[INFO]-[2018/10/26 13:11:37] Total 3550 files processed
[INFO]-[2018/10/26 13:11:37] Total 3600 files processed
[INFO]-[2018/10/26 13:11:37] Total 3600 files processed
[INFO]-[2018/10/26 13:11:37] Total 3650 files processed
[INFO]-[2018/10/26 13:11:37] Total 3650 files processed
[INFO]-[2018/10/26 13:11:37] Total 3700 files processed
[INFO]-[2018/10/26 13:11:37] Total 3700 files processed
[INFO]-[2018/10/26 13:11:37] Total 3750 files processed
[INFO]-[2018/10/26 13:11:37] Total 3750 files processed
[INFO]-[2018/10/26 13:11:37] Total 3800 files processed
[INFO]-[2018/10/26 13:11:37] Total 3800 files processed
[INFO]-[2018/10/26 13:11:38] Total 3850 files processed
[INFO]-[2018/10/26 13:11:38] Total 3850 files processed
[INFO]-[2018/10/26 13:11:38] Total 3900 files processed
[INFO]-[2018/10/26 13:11:38] Total 3900 files processed
[INFO]-[2018/10/26 13:11:38] Total 3950 files processed
[INFO]-[2018/10/26 13:11:38] Total 3950 files processed
[INFO]-[2018/10/26 13:11:38] Trying to copy big file: /var/www/html/wp-content/plugins/woocommerce/assets/css/jquery-ui/jquery-ui-rtl.css -> /var/www/html/22-3-5/wp-content/plugins/woocommerce/assets/css/jquery-ui/jquery-ui-rtl.css
[INFO]-[2018/10/26 13:11:38] Trying to copy big file: /var/www/html/wp-content/plugins/woocommerce/assets/css/jquery-ui/jquery-ui.css -> /var/www/html/22-3-5/wp-content/plugins/woocommerce/assets/css/jquery-ui/jquery-ui.css
[INFO]-[2018/10/26 13:11:38] Total 4000 files processed
[INFO]-[2018/10/26 13:11:38] Trying to copy big file: /var/www/html/wp-content/plugins/woocommerce/assets/css/jquery-ui/jquery-ui-rtl.css -> /var/www/html/22-3-5/wp-content/plugins/woocommerce/assets/css/jquery-ui/jquery-ui-rtl.css
[INFO]-[2018/10/26 13:11:38] Trying to copy big file: /var/www/html/wp-content/plugins/woocommerce/assets/css/jquery-ui/jquery-ui.css -> /var/www/html/22-3-5/wp-content/plugins/woocommerce/assets/css/jquery-ui/jquery-ui.css
[INFO]-[2018/10/26 13:11:38] Total 4000 files processed
[INFO]-[2018/10/26 13:11:38] Total 4050 files processed
[INFO]-[2018/10/26 13:11:38] Total 4050 files processed
[INFO]-[2018/10/26 13:11:38] Total 4100 files processed
[INFO]-[2018/10/26 13:11:38] Total 4100 files processed
[INFO]-[2018/10/26 13:11:38] Total 4150 files processed
[INFO]-[2018/10/26 13:11:38] Total 4150 files processed
[INFO]-[2018/10/26 13:11:38] Total 4200 files processed
[INFO]-[2018/10/26 13:11:38] Total 4200 files processed
[INFO]-[2018/10/26 13:11:38] Total 4250 files processed
[INFO]-[2018/10/26 13:11:38] Total 4250 files processed
[INFO]-[2018/10/26 13:11:39] Total 4300 files processed
[INFO]-[2018/10/26 13:11:39] Total 4300 files processed
[INFO]-[2018/10/26 13:11:39] Total 4350 files processed
[INFO]-[2018/10/26 13:11:39] Total 4350 files processed
[INFO]-[2018/10/26 13:11:39] Total 4400 files processed
[INFO]-[2018/10/26 13:11:39] Total 4400 files processed
[INFO]-[2018/10/26 13:11:39] Total 4450 files processed
[INFO]-[2018/10/26 13:11:39] Total 4450 files processed
[INFO]-[2018/10/26 13:11:39] Total 4500 files processed
[INFO]-[2018/10/26 13:11:39] Total 4500 files processed
[INFO]-[2018/10/26 13:11:39] Total 4550 files processed
[INFO]-[2018/10/26 13:11:39] Total 4550 files processed
[INFO]-[2018/10/26 13:11:39] Total 4600 files processed
[INFO]-[2018/10/26 13:11:39] Total 4600 files processed
[INFO]-[2018/10/26 13:11:39] Total 4650 files processed
[INFO]-[2018/10/26 13:11:39] Total 4650 files processed
[INFO]-[2018/10/26 13:11:39] Total 4700 files processed
[INFO]-[2018/10/26 13:11:39] Total 4700 files processed
[INFO]-[2018/10/26 13:11:39] Total 4750 files processed
[INFO]-[2018/10/26 13:11:39] Total 4750 files processed
[INFO]-[2018/10/26 13:11:40] Total 4800 files processed
[INFO]-[2018/10/26 13:11:40] Total 4800 files processed
[INFO]-[2018/10/26 13:11:40] Total 4850 files processed
[INFO]-[2018/10/26 13:11:40] Total 4850 files processed
[INFO]-[2018/10/26 13:11:40] Total 4900 files processed
[INFO]-[2018/10/26 13:11:40] Total 4900 files processed
[INFO]-[2018/10/26 13:11:40] Total 4950 files processed
[INFO]-[2018/10/26 13:11:40] Total 4950 files processed
[INFO]-[2018/10/26 13:11:40] Total 5000 files processed
[INFO]-[2018/10/26 13:11:40] Total 5000 files processed
[INFO]-[2018/10/26 13:11:40] Total 5050 files processed
[INFO]-[2018/10/26 13:11:40] Total 5050 files processed
[INFO]-[2018/10/26 13:11:40] Total 5100 files processed
[INFO]-[2018/10/26 13:11:40] Total 5100 files processed
[INFO]-[2018/10/26 13:11:40] Total 5150 files processed
[INFO]-[2018/10/26 13:11:40] Total 5150 files processed
[INFO]-[2018/10/26 13:11:40] Trying to copy big file: /var/www/html/wp-content/themes/consulting/inc/tgm/plugins/revslider.zip -> /var/www/html/22-3-5/wp-content/themes/consulting/inc/tgm/plugins/revslider.zip
[INFO]-[2018/10/26 13:11:40] Trying to copy big file: /var/www/html/wp-content/themes/consulting/inc/tgm/plugins/js_composer.zip -> /var/www/html/22-3-5/wp-content/themes/consulting/inc/tgm/plugins/js_composer.zip
[INFO]-[2018/10/26 13:11:41] Total 5200 files processed
[INFO]-[2018/10/26 13:11:40] Trying to copy big file: /var/www/html/wp-content/themes/consulting/inc/tgm/plugins/revslider.zip -> /var/www/html/22-3-5/wp-content/themes/consulting/inc/tgm/plugins/revslider.zip
[INFO]-[2018/10/26 13:11:40] Trying to copy big file: /var/www/html/wp-content/themes/consulting/inc/tgm/plugins/js_composer.zip -> /var/www/html/22-3-5/wp-content/themes/consulting/inc/tgm/plugins/js_composer.zip
[INFO]-[2018/10/26 13:11:41] Total 5200 files processed
[INFO]-[2018/10/26 13:11:41] Total 5250 files processed
[INFO]-[2018/10/26 13:11:41] Total 5250 files processed
[INFO]-[2018/10/26 13:11:41] Total 5300 files processed
[INFO]-[2018/10/26 13:11:41] Total 5300 files processed
[INFO]-[2018/10/26 13:11:41] Total 5350 files processed
[INFO]-[2018/10/26 13:11:41] Total 5350 files processed
[INFO]-[2018/10/26 13:11:41] Total 5400 files processed
[INFO]-[2018/10/26 13:11:41] Total 5400 files processed
[INFO]-[2018/10/26 13:11:41] Total 5450 files processed
[INFO]-[2018/10/26 13:11:41] Total 5450 files processed
[INFO]-[2018/10/26 13:11:41] Total 5500 files processed
[INFO]-[2018/10/26 13:11:41] Total 5500 files processed
[INFO]-[2018/10/26 13:11:41] Total 5550 files processed
[INFO]-[2018/10/26 13:11:41] Total 5550 files processed
[INFO]-[2018/10/26 13:11:41] Total 5600 files processed
[INFO]-[2018/10/26 13:11:41] Total 5600 files processed
[INFO]-[2018/10/26 13:11:42] Total 5650 files processed
[INFO]-[2018/10/26 13:11:42] Total 5650 files processed
[INFO]-[2018/10/26 13:11:42] Total 5700 files processed
[INFO]-[2018/10/26 13:11:42] Total 5700 files processed
[INFO]-[2018/10/26 13:11:42] Total 5750 files processed
[INFO]-[2018/10/26 13:11:42] Total 5750 files processed
[INFO]-[2018/10/26 13:11:42] Total 5800 files processed
[INFO]-[2018/10/26 13:11:42] Total 5800 files processed
[INFO]-[2018/10/26 13:11:42] Total 5850 files processed
[INFO]-[2018/10/26 13:11:42] Total 5850 files processed
[INFO]-[2018/10/26 13:11:42] Total 5900 files processed
[INFO]-[2018/10/26 13:11:42] Total 5900 files processed
[INFO]-[2018/10/26 13:11:42] Total 5950 files processed
[INFO]-[2018/10/26 13:11:42] Total 5950 files processed
[INFO]-[2018/10/26 13:11:42] Total 6000 files processed
[INFO]-[2018/10/26 13:11:42] Total 6000 files processed
[INFO]-[2018/10/26 13:11:42] Total 6050 files processed
[INFO]-[2018/10/26 13:11:42] Total 6050 files processed
[INFO]-[2018/10/26 13:11:42] Total 6100 files processed
[INFO]-[2018/10/26 13:11:42] Total 6100 files processed
[INFO]-[2018/10/26 13:11:43] Total 6150 files processed
[INFO]-[2018/10/26 13:11:43] Total 6150 files processed
[INFO]-[2018/10/26 13:11:43] Total 6200 files processed
[INFO]-[2018/10/26 13:11:43] Total 6200 files processed
[INFO]-[2018/10/26 13:11:43] Total 6250 files processed
[INFO]-[2018/10/26 13:11:43] Total 6250 files processed
[INFO]-[2018/10/26 13:11:43] Total 6300 files processed
[INFO]-[2018/10/26 13:11:43] Total 6300 files processed
[INFO]-[2018/10/26 13:11:43] Total 6350 files processed
[INFO]-[2018/10/26 13:11:43] Total 6350 files processed
[INFO]-[2018/10/26 13:11:43] Total 6400 files processed
[INFO]-[2018/10/26 13:11:43] Total 6400 files processed
[INFO]-[2018/10/26 13:11:43] Total 6450 files processed
[INFO]-[2018/10/26 13:11:43] Total 6450 files processed
[INFO]-[2018/10/26 13:11:43] Total 6500 files processed
[INFO]-[2018/10/26 13:11:43] Total 6500 files processed
[INFO]-[2018/10/26 13:11:43] Total 6550 files processed
[INFO]-[2018/10/26 13:11:43] Total 6550 files processed
[INFO]-[2018/10/26 13:11:44] Total 6600 files processed
[INFO]-[2018/10/26 13:11:44] Total 6600 files processed
[INFO]-[2018/10/26 13:11:44] Total 6650 files processed
[INFO]-[2018/10/26 13:11:44] Total 6650 files processed
[INFO]-[2018/10/26 13:11:44] Total 6700 files processed
[INFO]-[2018/10/26 13:11:44] Total 6700 files processed
[INFO]-[2018/10/26 13:11:44] Total 6750 files processed
[INFO]-[2018/10/26 13:11:44] Total 6750 files processed
[INFO]-[2018/10/26 13:11:44] Total 6800 files processed
[INFO]-[2018/10/26 13:11:44] Total 6800 files processed
[INFO]-[2018/10/26 13:11:44] Total 6850 files processed
[INFO]-[2018/10/26 13:11:44] Total 6850 files processed
[INFO]-[2018/10/26 13:11:44] Total 6900 files processed
[INFO]-[2018/10/26 13:11:44] Total 6900 files processed
[INFO]-[2018/10/26 13:11:44] Total 6950 files processed
[INFO]-[2018/10/26 13:11:44] Total 6950 files processed
[INFO]-[2018/10/26 13:11:44] Total 7000 files processed
[INFO]-[2018/10/26 13:11:44] Total 7000 files processed
[INFO]-[2018/10/26 13:11:44] Total 7050 files processed
[INFO]-[2018/10/26 13:11:44] Total 7050 files processed
[INFO]-[2018/10/26 13:11:45] Total 7100 files processed
[INFO]-[2018/10/26 13:11:45] Total 7100 files processed
[INFO]-[2018/10/26 13:11:45] Total 7150 files processed
[INFO]-[2018/10/26 13:11:45] Total 7150 files processed
[INFO]-[2018/10/26 13:11:45] Total 7200 files processed
[INFO]-[2018/10/26 13:11:45] Total 7200 files processed
[INFO]-[2018/10/26 13:11:45] Total 7250 files processed
[INFO]-[2018/10/26 13:11:45] Total 7250 files processed
[INFO]-[2018/10/26 13:11:45] Total 7300 files processed
[INFO]-[2018/10/26 13:11:45] Total 7300 files processed
[INFO]-[2018/10/26 13:11:45] Total 7350 files processed
[INFO]-[2018/10/26 13:11:45] Total 7350 files processed
[INFO]-[2018/10/26 13:11:45] Total 7400 files processed
[INFO]-[2018/10/26 13:11:45] Total 7400 files processed
[INFO]-[2018/10/26 13:11:45] Total 7450 files processed
[INFO]-[2018/10/26 13:11:45] Total 7450 files processed
[INFO]-[2018/10/26 13:11:45] Total 7500 files processed
[INFO]-[2018/10/26 13:11:45] Total 7500 files processed
[INFO]-[2018/10/26 13:11:45] Total 7550 files processed
[INFO]-[2018/10/26 13:11:45] Total 7550 files processed
[INFO]-[2018/10/26 13:11:46] Total 7600 files processed
[INFO]-[2018/10/26 13:11:46] Total 7600 files processed
[INFO]-[2018/10/26 13:11:46] Total 7650 files processed
[INFO]-[2018/10/26 13:11:46] Total 7650 files processed
[INFO]-[2018/10/26 13:11:46] Total 7700 files processed
[INFO]-[2018/10/26 13:11:46] Total 7700 files processed
[INFO]-[2018/10/26 13:11:46] Total 7750 files processed
[INFO]-[2018/10/26 13:11:46] Total 7750 files processed
[INFO]-[2018/10/26 13:11:46] Total 7800 files processed
[INFO]-[2018/10/26 13:11:46] Total 7800 files processed
[INFO]-[2018/10/26 13:11:46] Total 7850 files processed
[INFO]-[2018/10/26 13:11:46] Total 7850 files processed
[INFO]-[2018/10/26 13:11:46] Total 7900 files processed
[INFO]-[2018/10/26 13:11:46] Total 7900 files processed
[INFO]-[2018/10/26 13:11:46] Total 7950 files processed
[INFO]-[2018/10/26 13:11:46] Total 7950 files processed
[INFO]-[2018/10/26 13:11:46] Total 8000 files processed
[INFO]-[2018/10/26 13:11:46] Total 8000 files processed
[INFO]-[2018/10/26 13:11:47] Total 8050 files processed
[INFO]-[2018/10/26 13:11:47] Total 8050 files processed
[INFO]-[2018/10/26 13:11:47] Trying to copy big file: /var/www/html/wp-content/uploads/GeoLite2-Country.mmdb -> /var/www/html/22-3-5/wp-content/uploads/GeoLite2-Country.mmdb
[INFO]-[2018/10/26 13:11:47] Total 8100 files processed
[INFO]-[2018/10/26 13:11:47] Trying to copy big file: /var/www/html/wp-content/uploads/GeoLite2-Country.mmdb -> /var/www/html/22-3-5/wp-content/uploads/GeoLite2-Country.mmdb
[INFO]-[2018/10/26 13:11:47] Total 8100 files processed
[INFO]-[2018/10/26 13:11:47] Total 8150 files processed
[INFO]-[2018/10/26 13:11:47] Total 8150 files processed
[INFO]-[2018/10/26 13:11:47] Skipping big file: /var/www/html/wp-content/uploads/2018/10/10-6.png
[INFO]-[2018/10/26 13:11:47] Total 8200 files processed
[INFO]-[2018/10/26 13:11:47] Skipping big file: /var/www/html/wp-content/uploads/2018/10/10-6.png
[INFO]-[2018/10/26 13:11:47] Total 8200 files processed
[INFO]-[2018/10/26 13:11:47] Total 8250 files processed
[INFO]-[2018/10/26 13:11:47] Total 8250 files processed
[INFO]-[2018/10/26 13:11:47] Total 8300 files processed
[INFO]-[2018/10/26 13:11:47] Total 8300 files processed
[INFO]-[2018/10/26 13:11:47] Trying to copy big file: /var/www/html/wp-content/uploads/2018/10/2741_FullLite_AS_Spartito_Back.jpg -> /var/www/html/22-3-5/wp-content/uploads/2018/10/2741_FullLite_AS_Spartito_Back.jpg
[INFO]-[2018/10/26 13:11:47] Skipping big file: /var/www/html/wp-content/uploads/2018/10/fg_full_lite_coastal_chic_clear_oxygen_emtek_ares_sn.jpg
[INFO]-[2018/10/26 13:11:47] Total 8350 files processed
[INFO]-[2018/10/26 13:11:47] Trying to copy big file: /var/www/html/wp-content/uploads/2018/10/2741_FullLite_AS_Spartito_Back.jpg -> /var/www/html/22-3-5/wp-content/uploads/2018/10/2741_FullLite_AS_Spartito_Back.jpg
[INFO]-[2018/10/26 13:11:47] Skipping big file: /var/www/html/wp-content/uploads/2018/10/fg_full_lite_coastal_chic_clear_oxygen_emtek_ares_sn.jpg
[INFO]-[2018/10/26 13:11:47] Total 8350 files processed
[INFO]-[2018/10/26 13:11:47] Total 8400 files processed
[INFO]-[2018/10/26 13:11:47] Total 8400 files processed
[INFO]-[2018/10/26 13:11:48] Total 8450 files processed
[INFO]-[2018/10/26 13:11:48] Total 8450 files processed
[INFO]-[2018/10/26 13:11:48] Total 8500 files processed
[INFO]-[2018/10/26 13:11:48] Total 8500 files processed
[INFO]-[2018/10/26 13:11:48] Trying to copy big file: /var/www/html/wp-content/uploads/2018/10/2741_Hollister_Cranberry_Franklin_front-1.jpg -> /var/www/html/22-3-5/wp-content/uploads/2018/10/2741_Hollister_Cranberry_Franklin_front-1.jpg
[INFO]-[2018/10/26 13:11:48] Trying to copy big file: /var/www/html/wp-content/uploads/2018/10/2741_Hollister_AS_Franklin_Back-1.jpg -> /var/www/html/22-3-5/wp-content/uploads/2018/10/2741_Hollister_AS_Franklin_Back-1.jpg
[INFO]-[2018/10/26 13:11:48] Trying to copy big file: /var/www/html/wp-content/uploads/2018/10/2741_FullLite_RC_Franklin_Front.jpg -> /var/www/html/22-3-5/wp-content/uploads/2018/10/2741_FullLite_RC_Franklin_Front.jpg
[INFO]-[2018/10/26 13:11:48] Total 8550 files processed
[INFO]-[2018/10/26 13:11:48] Trying to copy big file: /var/www/html/wp-content/uploads/2018/10/2741_Hollister_Cranberry_Franklin_front-1.jpg -> /var/www/html/22-3-5/wp-content/uploads/2018/10/2741_Hollister_Cranberry_Franklin_front-1.jpg
[INFO]-[2018/10/26 13:11:48] Trying to copy big file: /var/www/html/wp-content/uploads/2018/10/2741_Hollister_AS_Franklin_Back-1.jpg -> /var/www/html/22-3-5/wp-content/uploads/2018/10/2741_Hollister_AS_Franklin_Back-1.jpg
[INFO]-[2018/10/26 13:11:48] Trying to copy big file: /var/www/html/wp-content/uploads/2018/10/2741_FullLite_RC_Franklin_Front.jpg -> /var/www/html/22-3-5/wp-content/uploads/2018/10/2741_FullLite_RC_Franklin_Front.jpg
[INFO]-[2018/10/26 13:11:48] Total 8550 files processed
[INFO]-[2018/10/26 13:11:48] Total 8600 files processed
[INFO]-[2018/10/26 13:11:48] Total 8600 files processed
[INFO]-[2018/10/26 13:11:48] Trying to copy big file: /var/www/html/wp-content/uploads/2018/10/2741_Hollister_AS_Franklin_Back.jpg -> /var/www/html/22-3-5/wp-content/uploads/2018/10/2741_Hollister_AS_Franklin_Back.jpg
[INFO]-[2018/10/26 13:11:48] Total 8650 files processed
[INFO]-[2018/10/26 13:11:48] Trying to copy big file: /var/www/html/wp-content/uploads/2018/10/2741_Hollister_AS_Franklin_Back.jpg -> /var/www/html/22-3-5/wp-content/uploads/2018/10/2741_Hollister_AS_Franklin_Back.jpg
[INFO]-[2018/10/26 13:11:48] Total 8650 files processed
[INFO]-[2018/10/26 13:11:48] Total 8700 files processed
[INFO]-[2018/10/26 13:11:48] Total 8700 files processed
[INFO]-[2018/10/26 13:11:48] Trying to copy big file: /var/www/html/wp-content/uploads/2018/10/2741_Hollister_NS_Spartito_Back.jpg -> /var/www/html/22-3-5/wp-content/uploads/2018/10/2741_Hollister_NS_Spartito_Back.jpg
[INFO]-[2018/10/26 13:11:48] Total 8750 files processed
[INFO]-[2018/10/26 13:11:48] Trying to copy big file: /var/www/html/wp-content/uploads/2018/10/2741_Hollister_NS_Spartito_Back.jpg -> /var/www/html/22-3-5/wp-content/uploads/2018/10/2741_Hollister_NS_Spartito_Back.jpg
[INFO]-[2018/10/26 13:11:48] Total 8750 files processed
[INFO]-[2018/10/26 13:11:48] Trying to copy big file: /var/www/html/wp-content/uploads/2018/10/2741_Hollister_Cranberry_Franklin_front.jpg -> /var/www/html/22-3-5/wp-content/uploads/2018/10/2741_Hollister_Cranberry_Franklin_front.jpg
[INFO]-[2018/10/26 13:11:48] Total 8800 files processed
[INFO]-[2018/10/26 13:11:48] Trying to copy big file: /var/www/html/wp-content/uploads/2018/10/2741_Hollister_Cranberry_Franklin_front.jpg -> /var/www/html/22-3-5/wp-content/uploads/2018/10/2741_Hollister_Cranberry_Franklin_front.jpg
[INFO]-[2018/10/26 13:11:48] Total 8800 files processed
[INFO]-[2018/10/26 13:11:48] Total 8850 files processed
[INFO]-[2018/10/26 13:11:48] Total 8850 files processed
[INFO]-[2018/10/26 13:11:48] Total 8900 files processed
[INFO]-[2018/10/26 13:11:48] Total 8900 files processed
[INFO]-[2018/10/26 13:11:49] Total 8950 files processed
[INFO]-[2018/10/26 13:11:49] Total 8950 files processed
[INFO]-[2018/10/26 13:11:49] Total 9000 files processed
[INFO]-[2018/10/26 13:11:49] Total 9000 files processed
[INFO]-[2018/10/26 13:11:49] Total 9050 files processed
[INFO]-[2018/10/26 13:11:49] Total 9050 files processed
[INFO]-[2018/10/26 13:11:49] Total 9100 files processed
[INFO]-[2018/10/26 13:11:49] Total 9100 files processed
[INFO]-[2018/10/26 13:11:49] Total 9150 files processed
[INFO]-[2018/10/26 13:11:49] Total 9150 files processed
[INFO]-[2018/10/26 13:11:49] Total 9200 files processed
[INFO]-[2018/10/26 13:11:49] Total 9200 files processed
[INFO]-[2018/10/26 13:11:49] Total 9250 files processed
[INFO]-[2018/10/26 13:11:49] Total 9250 files processed
