[INFO]-[2018/10/30 11:31:05] DB Copy: Creating table wpstg1_commentmeta
[INFO]-[2018/10/30 11:31:05] DB Copy: wp_commentmeta as wpstg1_commentmeta from 0 to 10000 records
[INFO]-[2018/10/30 11:31:05] DB Copy: Creating table wpstg1_commentmeta
[INFO]-[2018/10/30 11:31:05] DB Copy: wp_commentmeta as wpstg1_commentmeta from 0 to 10000 records
[INFO]-[2018/10/30 11:31:05] DB Copy: Creating table wpstg1_comments
[INFO]-[2018/10/30 11:31:05] DB Copy: wp_comments as wpstg1_comments from 0 to 10000 records
[INFO]-[2018/10/30 11:31:05] DB Copy: Creating table wpstg1_comments
[INFO]-[2018/10/30 11:31:05] DB Copy: wp_comments as wpstg1_comments from 0 to 10000 records
[INFO]-[2018/10/30 11:31:05] DB Copy: Creating table wpstg1_links
[INFO]-[2018/10/30 11:31:05] DB Copy: Creating table wpstg1_links
[INFO]-[2018/10/30 11:31:06] DB Copy: Creating table wpstg1_options
[INFO]-[2018/10/30 11:31:06] DB Copy: wp_options as wpstg1_options from 0 to 10000 records
[INFO]-[2018/10/30 11:31:06] DB Copy: Creating table wpstg1_options
[INFO]-[2018/10/30 11:31:06] DB Copy: wp_options as wpstg1_options from 0 to 10000 records
[INFO]-[2018/10/30 11:31:06] DB Copy: Creating table wpstg1_postmeta
[INFO]-[2018/10/30 11:31:06] DB Copy: wp_postmeta as wpstg1_postmeta from 0 to 10000 records
[INFO]-[2018/10/30 11:31:06] DB Copy: Creating table wpstg1_postmeta
[INFO]-[2018/10/30 11:31:06] DB Copy: wp_postmeta as wpstg1_postmeta from 0 to 10000 records
[INFO]-[2018/10/30 11:31:07] DB Copy: Creating table wpstg1_posts
[INFO]-[2018/10/30 11:31:07] DB Copy: wp_posts as wpstg1_posts from 0 to 10000 records
[INFO]-[2018/10/30 11:31:07] DB Copy: Creating table wpstg1_posts
[INFO]-[2018/10/30 11:31:07] DB Copy: wp_posts as wpstg1_posts from 0 to 10000 records
[INFO]-[2018/10/30 11:31:07] DB Copy: Creating table wpstg1_revisr
[INFO]-[2018/10/30 11:31:07] DB Copy: wp_revisr as wpstg1_revisr from 0 to 10000 records
[INFO]-[2018/10/30 11:31:07] DB Copy: Creating table wpstg1_revisr
[INFO]-[2018/10/30 11:31:07] DB Copy: wp_revisr as wpstg1_revisr from 0 to 10000 records
[INFO]-[2018/10/30 11:31:07] DB Copy: Creating table wpstg1_revslider_css
[INFO]-[2018/10/30 11:31:07] DB Copy: wp_revslider_css as wpstg1_revslider_css from 0 to 10000 records
[INFO]-[2018/10/30 11:31:07] DB Copy: Creating table wpstg1_revslider_css
[INFO]-[2018/10/30 11:31:07] DB Copy: wp_revslider_css as wpstg1_revslider_css from 0 to 10000 records
[INFO]-[2018/10/30 11:31:07] DB Copy: Creating table wpstg1_revslider_layer_animations
[INFO]-[2018/10/30 11:31:07] DB Copy: Creating table wpstg1_revslider_layer_animations
[INFO]-[2018/10/30 11:31:07] DB Copy: Creating table wpstg1_revslider_navigations
[INFO]-[2018/10/30 11:31:07] DB Copy: Creating table wpstg1_revslider_navigations
[INFO]-[2018/10/30 11:31:07] DB Copy: Creating table wpstg1_revslider_sliders
[INFO]-[2018/10/30 11:31:07] DB Copy: wp_revslider_sliders as wpstg1_revslider_sliders from 0 to 10000 records
[INFO]-[2018/10/30 11:31:07] DB Copy: Creating table wpstg1_revslider_sliders
[INFO]-[2018/10/30 11:31:07] DB Copy: wp_revslider_sliders as wpstg1_revslider_sliders from 0 to 10000 records
[INFO]-[2018/10/30 11:31:08] DB Copy: Creating table wpstg1_revslider_slides
[INFO]-[2018/10/30 11:31:08] DB Copy: wp_revslider_slides as wpstg1_revslider_slides from 0 to 10000 records
[INFO]-[2018/10/30 11:31:08] DB Copy: Creating table wpstg1_revslider_slides
[INFO]-[2018/10/30 11:31:08] DB Copy: wp_revslider_slides as wpstg1_revslider_slides from 0 to 10000 records
[INFO]-[2018/10/30 11:31:08] DB Copy: Creating table wpstg1_revslider_static_slides
[INFO]-[2018/10/30 11:31:08] DB Copy: Creating table wpstg1_revslider_static_slides
[INFO]-[2018/10/30 11:31:08] DB Copy: Creating table wpstg1_term_relationships
[INFO]-[2018/10/30 11:31:08] DB Copy: wp_term_relationships as wpstg1_term_relationships from 0 to 10000 records
[INFO]-[2018/10/30 11:31:08] DB Copy: Creating table wpstg1_term_relationships
[INFO]-[2018/10/30 11:31:08] DB Copy: wp_term_relationships as wpstg1_term_relationships from 0 to 10000 records
[INFO]-[2018/10/30 11:31:08] DB Copy: Creating table wpstg1_term_taxonomy
[INFO]-[2018/10/30 11:31:08] DB Copy: wp_term_taxonomy as wpstg1_term_taxonomy from 0 to 10000 records
[INFO]-[2018/10/30 11:31:08] DB Copy: Creating table wpstg1_term_taxonomy
[INFO]-[2018/10/30 11:31:08] DB Copy: wp_term_taxonomy as wpstg1_term_taxonomy from 0 to 10000 records
[INFO]-[2018/10/30 11:31:08] DB Copy: Creating table wpstg1_termmeta
[INFO]-[2018/10/30 11:31:08] DB Copy: wp_termmeta as wpstg1_termmeta from 0 to 10000 records
[INFO]-[2018/10/30 11:31:08] DB Copy: Creating table wpstg1_termmeta
[INFO]-[2018/10/30 11:31:08] DB Copy: wp_termmeta as wpstg1_termmeta from 0 to 10000 records
[INFO]-[2018/10/30 11:31:08] DB Copy: Creating table wpstg1_terms
[INFO]-[2018/10/30 11:31:08] DB Copy: wp_terms as wpstg1_terms from 0 to 10000 records
[INFO]-[2018/10/30 11:31:08] DB Copy: Creating table wpstg1_terms
[INFO]-[2018/10/30 11:31:08] DB Copy: wp_terms as wpstg1_terms from 0 to 10000 records
[INFO]-[2018/10/30 11:31:08] DB Copy: Creating table wpstg1_ult_marketo_forms
[INFO]-[2018/10/30 11:31:08] DB Copy: Creating table wpstg1_ult_marketo_forms
[INFO]-[2018/10/30 11:31:08] DB Copy: Creating table wpstg1_ult_marketo_forms_styles
[INFO]-[2018/10/30 11:31:08] DB Copy: wp_ult_marketo_forms_styles as wpstg1_ult_marketo_forms_styles from 0 to 10000 records
[INFO]-[2018/10/30 11:31:08] DB Copy: Creating table wpstg1_ult_marketo_forms_styles
[INFO]-[2018/10/30 11:31:08] DB Copy: wp_ult_marketo_forms_styles as wpstg1_ult_marketo_forms_styles from 0 to 10000 records
[INFO]-[2018/10/30 11:31:09] DB Copy: Creating table wpstg1_usermeta
[INFO]-[2018/10/30 11:31:09] DB Copy: wp_usermeta as wpstg1_usermeta from 0 to 10000 records
[INFO]-[2018/10/30 11:31:09] DB Copy: Creating table wpstg1_usermeta
[INFO]-[2018/10/30 11:31:09] DB Copy: wp_usermeta as wpstg1_usermeta from 0 to 10000 records
[INFO]-[2018/10/30 11:31:09] DB Copy: Creating table wpstg1_users
[INFO]-[2018/10/30 11:31:09] DB Copy: wp_users as wpstg1_users from 0 to 10000 records
[INFO]-[2018/10/30 11:31:09] DB Copy: Creating table wpstg1_users
[INFO]-[2018/10/30 11:31:09] DB Copy: wp_users as wpstg1_users from 0 to 10000 records
[INFO]-[2018/10/30 11:31:09] DB Copy: Creating table wpstg1_wc_download_log
[INFO]-[2018/10/30 11:31:09] DB Copy: Creating table wpstg1_wc_download_log
[INFO]-[2018/10/30 11:31:09] DB Copy: Creating table wpstg1_wc_webhooks
[INFO]-[2018/10/30 11:31:09] DB Copy: Creating table wpstg1_wc_webhooks
[INFO]-[2018/10/30 11:31:09] DB Copy: Creating table wpstg1_woocommerce_api_keys
[INFO]-[2018/10/30 11:31:09] DB Copy: Creating table wpstg1_woocommerce_api_keys
[INFO]-[2018/10/30 11:31:09] DB Copy: Creating table wpstg1_woocommerce_attribute_taxonomies
[INFO]-[2018/10/30 11:31:09] DB Copy: Creating table wpstg1_woocommerce_attribute_taxonomies
[INFO]-[2018/10/30 11:31:09] DB Copy: Creating table wpstg1_woocommerce_downloadable_product_permissions
[INFO]-[2018/10/30 11:31:09] DB Copy: Creating table wpstg1_woocommerce_downloadable_product_permissions
[INFO]-[2018/10/30 11:31:09] DB Copy: Creating table wpstg1_woocommerce_log
[INFO]-[2018/10/30 11:31:09] DB Copy: Creating table wpstg1_woocommerce_log
[INFO]-[2018/10/30 11:31:10] DB Copy: Creating table wpstg1_woocommerce_order_itemmeta
[INFO]-[2018/10/30 11:31:10] DB Copy: Creating table wpstg1_woocommerce_order_itemmeta
[INFO]-[2018/10/30 11:31:10] DB Copy: Creating table wpstg1_woocommerce_order_items
[INFO]-[2018/10/30 11:31:10] DB Copy: Creating table wpstg1_woocommerce_order_items
[INFO]-[2018/10/30 11:31:10] DB Copy: Creating table wpstg1_woocommerce_payment_tokenmeta
[INFO]-[2018/10/30 11:31:10] DB Copy: Creating table wpstg1_woocommerce_payment_tokenmeta
[INFO]-[2018/10/30 11:31:10] DB Copy: Creating table wpstg1_woocommerce_payment_tokens
[INFO]-[2018/10/30 11:31:10] DB Copy: Creating table wpstg1_woocommerce_payment_tokens
[INFO]-[2018/10/30 11:31:10] DB Copy: Creating table wpstg1_woocommerce_sessions
[INFO]-[2018/10/30 11:31:10] DB Copy: wp_woocommerce_sessions as wpstg1_woocommerce_sessions from 0 to 10000 records
[INFO]-[2018/10/30 11:31:10] DB Copy: Creating table wpstg1_woocommerce_sessions
[INFO]-[2018/10/30 11:31:10] DB Copy: wp_woocommerce_sessions as wpstg1_woocommerce_sessions from 0 to 10000 records
[INFO]-[2018/10/30 11:31:10] DB Copy: Creating table wpstg1_woocommerce_shipping_zone_locations
[INFO]-[2018/10/30 11:31:10] DB Copy: Creating table wpstg1_woocommerce_shipping_zone_locations
[INFO]-[2018/10/30 11:31:10] DB Copy: Creating table wpstg1_woocommerce_shipping_zone_methods
[INFO]-[2018/10/30 11:31:10] DB Copy: Creating table wpstg1_woocommerce_shipping_zone_methods
[INFO]-[2018/10/30 11:31:10] DB Copy: Creating table wpstg1_woocommerce_shipping_zones
[INFO]-[2018/10/30 11:31:10] DB Copy: Creating table wpstg1_woocommerce_shipping_zones
[INFO]-[2018/10/30 11:31:11] DB Copy: Creating table wpstg1_woocommerce_tax_rate_locations
[INFO]-[2018/10/30 11:31:11] DB Copy: Creating table wpstg1_woocommerce_tax_rate_locations
[INFO]-[2018/10/30 11:31:11] DB Copy: Creating table wpstg1_woocommerce_tax_rates
[INFO]-[2018/10/30 11:31:11] DB Copy: Creating table wpstg1_woocommerce_tax_rates
[]-[] 
[]-[] 
[INFO]-[2018/10/30 11:31:11] DB Processing:  Table wpstg1_commentmeta 0 to 5000 records
[INFO]-[2018/10/30 11:31:11] DB Processing:  Table wpstg1_commentmeta 0 to 5000 records
[INFO]-[2018/10/30 11:31:11] DB Processing:  Table wpstg1_comments 0 to 5000 records
[INFO]-[2018/10/30 11:31:11] DB Processing:  Table wpstg1_comments 0 to 5000 records
[]-[] 
[]-[] 
[INFO]-[2018/10/30 11:31:11] DB Processing:  Table wpstg1_options 0 to 5000 records
[INFO]-[2018/10/30 11:31:11] DB Processing:  Table wpstg1_options 0 to 5000 records
[INFO]-[2018/10/30 11:31:11] DB Processing:  Table wpstg1_postmeta 0 to 5000 records
[INFO]-[2018/10/30 11:31:11] DB Processing:  Table wpstg1_postmeta 0 to 5000 records
[INFO]-[2018/10/30 11:31:12] DB Processing:  Table wpstg1_posts 0 to 5000 records
[INFO]-[2018/10/30 11:31:12] DB Processing:  Table wpstg1_posts 0 to 5000 records
[INFO]-[2018/10/30 11:31:12] DB Processing:  Table wpstg1_revisr 0 to 5000 records
[INFO]-[2018/10/30 11:31:12] DB Processing:  Table wpstg1_revisr 0 to 5000 records
[INFO]-[2018/10/30 11:31:12] DB Processing:  Table wpstg1_revslider_css 0 to 5000 records
[INFO]-[2018/10/30 11:31:12] DB Processing:  Table wpstg1_revslider_css 0 to 5000 records
[]-[] 
[]-[] 
[]-[] 
[]-[] 
[INFO]-[2018/10/30 11:31:12] DB Processing:  Table wpstg1_revslider_sliders 0 to 5000 records
[INFO]-[2018/10/30 11:31:12] DB Processing:  Table wpstg1_revslider_sliders 0 to 5000 records
[INFO]-[2018/10/30 11:31:12] DB Processing:  Table wpstg1_revslider_slides 0 to 5000 records
[INFO]-[2018/10/30 11:31:12] DB Processing:  Table wpstg1_revslider_slides 0 to 5000 records
[]-[] 
[]-[] 
[INFO]-[2018/10/30 11:31:13] DB Processing:  Table wpstg1_term_relationships 0 to 5000 records
[INFO]-[2018/10/30 11:31:13] DB Processing:  Table wpstg1_term_relationships 0 to 5000 records
[INFO]-[2018/10/30 11:31:13] DB Processing:  Table wpstg1_term_taxonomy 0 to 5000 records
[INFO]-[2018/10/30 11:31:13] DB Processing:  Table wpstg1_term_taxonomy 0 to 5000 records
[INFO]-[2018/10/30 11:31:13] DB Processing:  Table wpstg1_termmeta 0 to 5000 records
[INFO]-[2018/10/30 11:31:13] DB Processing:  Table wpstg1_termmeta 0 to 5000 records
[INFO]-[2018/10/30 11:31:13] DB Processing:  Table wpstg1_terms 0 to 5000 records
[INFO]-[2018/10/30 11:31:13] DB Processing:  Table wpstg1_terms 0 to 5000 records
[]-[] 
[]-[] 
[INFO]-[2018/10/30 11:31:13] DB Processing:  Table wpstg1_ult_marketo_forms_styles 0 to 5000 records
[INFO]-[2018/10/30 11:31:13] DB Processing:  Table wpstg1_ult_marketo_forms_styles 0 to 5000 records
[INFO]-[2018/10/30 11:31:13] DB Processing:  Table wpstg1_usermeta 0 to 5000 records
[INFO]-[2018/10/30 11:31:13] DB Processing:  Table wpstg1_usermeta 0 to 5000 records
[INFO]-[2018/10/30 11:31:13] DB Processing:  Table wpstg1_users 0 to 5000 records
[INFO]-[2018/10/30 11:31:13] DB Processing:  Table wpstg1_users 0 to 5000 records
[]-[] 
[]-[] 
[]-[] 
[]-[] 
[]-[] 
[]-[] 
[]-[] 
[]-[] 
[]-[] 
[]-[] 
[]-[] 
[]-[] 
[]-[] 
[]-[] 
[]-[] 
[]-[] 
[]-[] 
[]-[] 
[]-[] 
[]-[] 
[INFO]-[2018/10/30 11:31:15] DB Processing:  Table wpstg1_woocommerce_sessions 0 to 5000 records
[INFO]-[2018/10/30 11:31:15] DB Processing:  Table wpstg1_woocommerce_sessions 0 to 5000 records
[]-[] 
[]-[] 
[]-[] 
[]-[] 
[]-[] 
[]-[] 
[]-[] 
[]-[] 
[]-[] 
[]-[] 
[]-[] 
[]-[] 
[INFO]-[2018/10/30 11:31:15] Scanning / for files
[INFO]-[2018/10/30 11:31:15] Scanning / for files
[INFO]-[2018/10/30 11:31:15] Scanning /wp-content for its sub-directories and files
[INFO]-[2018/10/30 11:31:15] Scanning /wp-content for its sub-directories and files
[INFO]-[2018/10/30 11:31:16] Scanning /wp-includes for its sub-directories and files
[INFO]-[2018/10/30 11:31:16] Scanning /wp-includes for its sub-directories and files
[INFO]-[2018/10/30 11:31:16] Scanning /wp-admin for its sub-directories and files
[INFO]-[2018/10/30 11:31:16] Scanning /wp-admin for its sub-directories and files
[INFO]-[2018/10/30 11:31:16] Copying files...
[INFO]-[2018/10/30 11:31:16] Total 50 files processed
[INFO]-[2018/10/30 11:31:16] Copying files...
[INFO]-[2018/10/30 11:31:16] Total 50 files processed
[INFO]-[2018/10/30 11:31:16] Total 100 files processed
[INFO]-[2018/10/30 11:31:16] Total 100 files processed
[INFO]-[2018/10/30 11:31:16] Total 150 files processed
[INFO]-[2018/10/30 11:31:16] Total 150 files processed
[INFO]-[2018/10/30 11:31:16] Total 200 files processed
[INFO]-[2018/10/30 11:31:16] Total 200 files processed
[INFO]-[2018/10/30 11:31:16] Total 250 files processed
[INFO]-[2018/10/30 11:31:16] Total 250 files processed
[INFO]-[2018/10/30 11:31:16] Total 300 files processed
[INFO]-[2018/10/30 11:31:16] Total 300 files processed
[INFO]-[2018/10/30 11:31:17] Total 350 files processed
[INFO]-[2018/10/30 11:31:17] Total 350 files processed
[INFO]-[2018/10/30 11:31:17] Total 400 files processed
[INFO]-[2018/10/30 11:31:17] Total 400 files processed
[INFO]-[2018/10/30 11:31:17] Total 450 files processed
[INFO]-[2018/10/30 11:31:17] Total 450 files processed
[INFO]-[2018/10/30 11:31:17] Total 500 files processed
[INFO]-[2018/10/30 11:31:17] Total 500 files processed
[INFO]-[2018/10/30 11:31:17] Total 550 files processed
[INFO]-[2018/10/30 11:31:17] Total 550 files processed
[INFO]-[2018/10/30 11:31:17] Total 600 files processed
[INFO]-[2018/10/30 11:31:17] Total 600 files processed
[INFO]-[2018/10/30 11:31:17] Total 650 files processed
[INFO]-[2018/10/30 11:31:17] Total 650 files processed
[INFO]-[2018/10/30 11:31:17] Total 700 files processed
[INFO]-[2018/10/30 11:31:17] Total 700 files processed
[INFO]-[2018/10/30 11:31:17] Total 750 files processed
[INFO]-[2018/10/30 11:31:17] Total 750 files processed
[INFO]-[2018/10/30 11:31:18] Total 800 files processed
[INFO]-[2018/10/30 11:31:18] Total 800 files processed
[INFO]-[2018/10/30 11:31:18] Total 850 files processed
[INFO]-[2018/10/30 11:31:18] Total 850 files processed
[INFO]-[2018/10/30 11:31:18] Total 900 files processed
[INFO]-[2018/10/30 11:31:18] Total 900 files processed
[INFO]-[2018/10/30 11:31:18] Total 950 files processed
[INFO]-[2018/10/30 11:31:18] Total 950 files processed
[INFO]-[2018/10/30 11:31:18] Total 1000 files processed
[INFO]-[2018/10/30 11:31:18] Total 1000 files processed
[INFO]-[2018/10/30 11:31:18] Total 1050 files processed
[INFO]-[2018/10/30 11:31:18] Total 1050 files processed
[INFO]-[2018/10/30 11:31:18] Total 1100 files processed
[INFO]-[2018/10/30 11:31:18] Total 1100 files processed
[INFO]-[2018/10/30 11:31:18] Total 1150 files processed
[INFO]-[2018/10/30 11:31:18] Total 1150 files processed
[INFO]-[2018/10/30 11:31:18] Total 1200 files processed
[INFO]-[2018/10/30 11:31:18] Total 1200 files processed
[INFO]-[2018/10/30 11:31:19] Total 1250 files processed
[INFO]-[2018/10/30 11:31:19] Total 1250 files processed
[INFO]-[2018/10/30 11:31:19] Total 1300 files processed
[INFO]-[2018/10/30 11:31:19] Total 1300 files processed
[INFO]-[2018/10/30 11:31:19] Total 1350 files processed
[INFO]-[2018/10/30 11:31:19] Total 1350 files processed
[INFO]-[2018/10/30 11:31:19] Total 1400 files processed
[INFO]-[2018/10/30 11:31:19] Total 1400 files processed
[INFO]-[2018/10/30 11:31:19] Total 1450 files processed
[INFO]-[2018/10/30 11:31:19] Total 1450 files processed
[INFO]-[2018/10/30 11:31:19] Total 1500 files processed
[INFO]-[2018/10/30 11:31:19] Total 1500 files processed
[INFO]-[2018/10/30 11:31:19] Total 1550 files processed
[INFO]-[2018/10/30 11:31:19] Total 1550 files processed
[INFO]-[2018/10/30 11:31:19] Total 1600 files processed
[INFO]-[2018/10/30 11:31:19] Total 1600 files processed
[INFO]-[2018/10/30 11:31:19] Total 1650 files processed
[INFO]-[2018/10/30 11:31:19] Total 1650 files processed
[INFO]-[2018/10/30 11:31:20] Total 1700 files processed
[INFO]-[2018/10/30 11:31:20] Total 1700 files processed
[INFO]-[2018/10/30 11:31:20] Total 1750 files processed
[INFO]-[2018/10/30 11:31:20] Total 1750 files processed
[INFO]-[2018/10/30 11:31:20] Total 1800 files processed
[INFO]-[2018/10/30 11:31:20] Total 1800 files processed
[INFO]-[2018/10/30 11:31:20] Total 1850 files processed
[INFO]-[2018/10/30 11:31:20] Total 1850 files processed
[INFO]-[2018/10/30 11:31:20] Total 1900 files processed
[INFO]-[2018/10/30 11:31:20] Total 1900 files processed
[INFO]-[2018/10/30 11:31:20] Total 1950 files processed
[INFO]-[2018/10/30 11:31:20] Total 1950 files processed
[INFO]-[2018/10/30 11:31:20] Total 2000 files processed
[INFO]-[2018/10/30 11:31:20] Total 2000 files processed
[INFO]-[2018/10/30 11:31:20] Total 2050 files processed
[INFO]-[2018/10/30 11:31:20] Total 2050 files processed
[INFO]-[2018/10/30 11:31:20] Total 2100 files processed
[INFO]-[2018/10/30 11:31:20] Total 2100 files processed
[INFO]-[2018/10/30 11:31:21] Total 2150 files processed
[INFO]-[2018/10/30 11:31:21] Total 2150 files processed
[INFO]-[2018/10/30 11:31:21] Total 2200 files processed
[INFO]-[2018/10/30 11:31:21] Total 2200 files processed
[INFO]-[2018/10/30 11:31:21] Total 2250 files processed
[INFO]-[2018/10/30 11:31:21] Total 2250 files processed
[INFO]-[2018/10/30 11:31:21] Total 2300 files processed
[INFO]-[2018/10/30 11:31:21] Total 2300 files processed
[INFO]-[2018/10/30 11:31:21] Total 2350 files processed
[INFO]-[2018/10/30 11:31:21] Total 2350 files processed
[INFO]-[2018/10/30 11:31:21] Total 2400 files processed
[INFO]-[2018/10/30 11:31:21] Total 2400 files processed
[INFO]-[2018/10/30 11:31:21] Total 2450 files processed
[INFO]-[2018/10/30 11:31:21] Total 2450 files processed
[INFO]-[2018/10/30 11:31:21] Total 2500 files processed
[INFO]-[2018/10/30 11:31:21] Total 2500 files processed
[INFO]-[2018/10/30 11:31:21] Total 2550 files processed
[INFO]-[2018/10/30 11:31:21] Total 2550 files processed
[INFO]-[2018/10/30 11:31:21] Total 2600 files processed
[INFO]-[2018/10/30 11:31:21] Total 2600 files processed
[INFO]-[2018/10/30 11:31:22] Total 2650 files processed
[INFO]-[2018/10/30 11:31:22] Total 2650 files processed
[INFO]-[2018/10/30 11:31:22] Total 2700 files processed
[INFO]-[2018/10/30 11:31:22] Total 2700 files processed
[INFO]-[2018/10/30 11:31:22] Total 2750 files processed
[INFO]-[2018/10/30 11:31:22] Total 2750 files processed
[INFO]-[2018/10/30 11:31:22] Total 2800 files processed
[INFO]-[2018/10/30 11:31:22] Total 2800 files processed
[INFO]-[2018/10/30 11:31:22] Total 2850 files processed
[INFO]-[2018/10/30 11:31:22] Total 2850 files processed
[INFO]-[2018/10/30 11:31:22] Total 2900 files processed
[INFO]-[2018/10/30 11:31:22] Total 2900 files processed
[INFO]-[2018/10/30 11:31:22] Total 2950 files processed
[INFO]-[2018/10/30 11:31:22] Total 2950 files processed
[INFO]-[2018/10/30 11:31:22] Total 3000 files processed
[INFO]-[2018/10/30 11:31:22] Total 3000 files processed
[INFO]-[2018/10/30 11:31:22] Total 3050 files processed
[INFO]-[2018/10/30 11:31:22] Total 3050 files processed
[INFO]-[2018/10/30 11:31:23] Total 3100 files processed
[INFO]-[2018/10/30 11:31:23] Total 3100 files processed
[INFO]-[2018/10/30 11:31:23] Total 3150 files processed
[INFO]-[2018/10/30 11:31:23] Total 3150 files processed
[INFO]-[2018/10/30 11:31:23] Total 3200 files processed
[INFO]-[2018/10/30 11:31:23] Total 3200 files processed
[INFO]-[2018/10/30 11:31:23] Total 3250 files processed
[INFO]-[2018/10/30 11:31:23] Total 3250 files processed
[INFO]-[2018/10/30 11:31:23] Total 3300 files processed
[INFO]-[2018/10/30 11:31:23] Total 3300 files processed
[INFO]-[2018/10/30 11:31:23] Total 3350 files processed
[INFO]-[2018/10/30 11:31:23] Total 3350 files processed
[INFO]-[2018/10/30 11:31:23] Total 3400 files processed
[INFO]-[2018/10/30 11:31:23] Total 3400 files processed
[INFO]-[2018/10/30 11:31:23] Total 3450 files processed
[INFO]-[2018/10/30 11:31:23] Total 3450 files processed
[INFO]-[2018/10/30 11:31:23] Total 3500 files processed
[INFO]-[2018/10/30 11:31:23] Total 3500 files processed
[INFO]-[2018/10/30 11:31:24] Total 3550 files processed
[INFO]-[2018/10/30 11:31:24] Total 3550 files processed
[INFO]-[2018/10/30 11:31:24] Total 3600 files processed
[INFO]-[2018/10/30 11:31:24] Total 3600 files processed
[INFO]-[2018/10/30 11:31:24] Total 3650 files processed
[INFO]-[2018/10/30 11:31:24] Total 3650 files processed
[INFO]-[2018/10/30 11:31:24] Total 3700 files processed
[INFO]-[2018/10/30 11:31:24] Total 3700 files processed
[INFO]-[2018/10/30 11:31:24] Total 3750 files processed
[INFO]-[2018/10/30 11:31:24] Total 3750 files processed
[INFO]-[2018/10/30 11:31:24] Total 3800 files processed
[INFO]-[2018/10/30 11:31:24] Total 3800 files processed
[INFO]-[2018/10/30 11:31:24] Total 3850 files processed
[INFO]-[2018/10/30 11:31:24] Total 3850 files processed
[INFO]-[2018/10/30 11:31:24] Total 3900 files processed
[INFO]-[2018/10/30 11:31:24] Total 3900 files processed
[INFO]-[2018/10/30 11:31:24] Total 3950 files processed
[INFO]-[2018/10/30 11:31:24] Total 3950 files processed
[INFO]-[2018/10/30 11:31:25] Total 4000 files processed
[INFO]-[2018/10/30 11:31:25] Total 4000 files processed
[INFO]-[2018/10/30 11:31:25] Total 4050 files processed
[INFO]-[2018/10/30 11:31:25] Total 4050 files processed
[INFO]-[2018/10/30 11:31:25] Total 4100 files processed
[INFO]-[2018/10/30 11:31:25] Total 4100 files processed
[INFO]-[2018/10/30 11:31:25] Total 4150 files processed
[INFO]-[2018/10/30 11:31:25] Total 4150 files processed
[INFO]-[2018/10/30 11:31:25] Total 4200 files processed
[INFO]-[2018/10/30 11:31:25] Total 4200 files processed
[INFO]-[2018/10/30 11:31:25] Total 4250 files processed
[INFO]-[2018/10/30 11:31:25] Total 4250 files processed
[INFO]-[2018/10/30 11:31:25] Total 4300 files processed
[INFO]-[2018/10/30 11:31:25] Total 4300 files processed
[INFO]-[2018/10/30 11:31:25] Trying to copy big file: /var/www/html/wp-content/plugins/woocommerce/assets/css/jquery-ui/jquery-ui-rtl.css -> /var/www/html/wpstage/wp-content/plugins/woocommerce/assets/css/jquery-ui/jquery-ui-rtl.css
[INFO]-[2018/10/30 11:31:25] Trying to copy big file: /var/www/html/wp-content/plugins/woocommerce/assets/css/jquery-ui/jquery-ui.css -> /var/www/html/wpstage/wp-content/plugins/woocommerce/assets/css/jquery-ui/jquery-ui.css
[INFO]-[2018/10/30 11:31:25] Total 4350 files processed
[INFO]-[2018/10/30 11:31:25] Trying to copy big file: /var/www/html/wp-content/plugins/woocommerce/assets/css/jquery-ui/jquery-ui-rtl.css -> /var/www/html/wpstage/wp-content/plugins/woocommerce/assets/css/jquery-ui/jquery-ui-rtl.css
[INFO]-[2018/10/30 11:31:25] Trying to copy big file: /var/www/html/wp-content/plugins/woocommerce/assets/css/jquery-ui/jquery-ui.css -> /var/www/html/wpstage/wp-content/plugins/woocommerce/assets/css/jquery-ui/jquery-ui.css
[INFO]-[2018/10/30 11:31:25] Total 4350 files processed
[INFO]-[2018/10/30 11:31:25] Total 4400 files processed
[INFO]-[2018/10/30 11:31:25] Total 4400 files processed
[INFO]-[2018/10/30 11:31:26] Total 4450 files processed
[INFO]-[2018/10/30 11:31:26] Total 4450 files processed
[INFO]-[2018/10/30 11:31:26] Total 4500 files processed
[INFO]-[2018/10/30 11:31:26] Total 4500 files processed
[INFO]-[2018/10/30 11:31:26] Total 4550 files processed
[INFO]-[2018/10/30 11:31:26] Total 4550 files processed
[INFO]-[2018/10/30 11:31:26] Total 4600 files processed
[INFO]-[2018/10/30 11:31:26] Total 4600 files processed
[INFO]-[2018/10/30 11:31:26] Total 4650 files processed
[INFO]-[2018/10/30 11:31:26] Total 4650 files processed
[INFO]-[2018/10/30 11:31:26] Total 4700 files processed
[INFO]-[2018/10/30 11:31:26] Total 4700 files processed
[INFO]-[2018/10/30 11:31:26] Total 4750 files processed
[INFO]-[2018/10/30 11:31:26] Total 4750 files processed
[INFO]-[2018/10/30 11:31:26] Total 4800 files processed
[INFO]-[2018/10/30 11:31:26] Total 4800 files processed
[INFO]-[2018/10/30 11:31:26] Total 4850 files processed
[INFO]-[2018/10/30 11:31:26] Total 4850 files processed
[INFO]-[2018/10/30 11:31:26] Total 4900 files processed
[INFO]-[2018/10/30 11:31:26] Total 4900 files processed
[INFO]-[2018/10/30 11:31:27] Total 4950 files processed
[INFO]-[2018/10/30 11:31:27] Total 4950 files processed
[INFO]-[2018/10/30 11:31:27] Total 5000 files processed
[INFO]-[2018/10/30 11:31:27] Total 5000 files processed
[INFO]-[2018/10/30 11:31:27] Total 5050 files processed
[INFO]-[2018/10/30 11:31:27] Total 5050 files processed
[INFO]-[2018/10/30 11:31:27] Total 5100 files processed
[INFO]-[2018/10/30 11:31:27] Total 5100 files processed
[INFO]-[2018/10/30 11:31:27] Total 5150 files processed
[INFO]-[2018/10/30 11:31:27] Total 5150 files processed
[INFO]-[2018/10/30 11:31:27] Total 5200 files processed
[INFO]-[2018/10/30 11:31:27] Total 5200 files processed
[INFO]-[2018/10/30 11:31:27] Total 5250 files processed
[INFO]-[2018/10/30 11:31:27] Total 5250 files processed
[INFO]-[2018/10/30 11:31:27] Total 5300 files processed
[INFO]-[2018/10/30 11:31:27] Total 5300 files processed
[INFO]-[2018/10/30 11:31:28] Total 5350 files processed
[INFO]-[2018/10/30 11:31:28] Total 5350 files processed
[INFO]-[2018/10/30 11:31:28] Total 5400 files processed
[INFO]-[2018/10/30 11:31:28] Total 5400 files processed
[INFO]-[2018/10/30 11:31:28] Total 5450 files processed
[INFO]-[2018/10/30 11:31:28] Total 5450 files processed
[INFO]-[2018/10/30 11:31:28] Total 5500 files processed
[INFO]-[2018/10/30 11:31:28] Total 5500 files processed
[INFO]-[2018/10/30 11:31:28] Trying to copy big file: /var/www/html/wp-content/themes/consulting/inc/tgm/plugins/revslider.zip -> /var/www/html/wpstage/wp-content/themes/consulting/inc/tgm/plugins/revslider.zip
[INFO]-[2018/10/30 11:31:28] Trying to copy big file: /var/www/html/wp-content/themes/consulting/inc/tgm/plugins/js_composer.zip -> /var/www/html/wpstage/wp-content/themes/consulting/inc/tgm/plugins/js_composer.zip
[INFO]-[2018/10/30 11:31:28] Total 5550 files processed
[INFO]-[2018/10/30 11:31:28] Trying to copy big file: /var/www/html/wp-content/themes/consulting/inc/tgm/plugins/revslider.zip -> /var/www/html/wpstage/wp-content/themes/consulting/inc/tgm/plugins/revslider.zip
[INFO]-[2018/10/30 11:31:28] Trying to copy big file: /var/www/html/wp-content/themes/consulting/inc/tgm/plugins/js_composer.zip -> /var/www/html/wpstage/wp-content/themes/consulting/inc/tgm/plugins/js_composer.zip
[INFO]-[2018/10/30 11:31:28] Total 5550 files processed
[INFO]-[2018/10/30 11:31:28] Total 5600 files processed
[INFO]-[2018/10/30 11:31:28] Total 5600 files processed
[INFO]-[2018/10/30 11:31:28] Total 5650 files processed
[INFO]-[2018/10/30 11:31:28] Total 5650 files processed
[INFO]-[2018/10/30 11:31:28] Total 5700 files processed
[INFO]-[2018/10/30 11:31:28] Total 5700 files processed
[INFO]-[2018/10/30 11:31:29] Total 5750 files processed
[INFO]-[2018/10/30 11:31:29] Total 5750 files processed
[INFO]-[2018/10/30 11:31:29] Total 5800 files processed
[INFO]-[2018/10/30 11:31:29] Total 5800 files processed
[INFO]-[2018/10/30 11:31:29] Total 5850 files processed
[INFO]-[2018/10/30 11:31:29] Total 5850 files processed
[INFO]-[2018/10/30 11:31:29] Total 5900 files processed
[INFO]-[2018/10/30 11:31:29] Total 5900 files processed
[INFO]-[2018/10/30 11:31:29] Total 5950 files processed
[INFO]-[2018/10/30 11:31:29] Total 5950 files processed
[INFO]-[2018/10/30 11:31:29] Total 6000 files processed
[INFO]-[2018/10/30 11:31:29] Total 6000 files processed
[INFO]-[2018/10/30 11:31:29] Total 6050 files processed
[INFO]-[2018/10/30 11:31:29] Total 6050 files processed
[INFO]-[2018/10/30 11:31:29] Total 6100 files processed
[INFO]-[2018/10/30 11:31:29] Total 6100 files processed
[INFO]-[2018/10/30 11:31:30] Total 6150 files processed
[INFO]-[2018/10/30 11:31:30] Total 6150 files processed
[INFO]-[2018/10/30 11:31:30] Total 6200 files processed
[INFO]-[2018/10/30 11:31:30] Total 6200 files processed
[INFO]-[2018/10/30 11:31:30] Total 6250 files processed
[INFO]-[2018/10/30 11:31:30] Total 6250 files processed
[INFO]-[2018/10/30 11:31:30] Total 6300 files processed
[INFO]-[2018/10/30 11:31:30] Total 6300 files processed
[INFO]-[2018/10/30 11:31:30] Total 6350 files processed
[INFO]-[2018/10/30 11:31:30] Total 6350 files processed
[INFO]-[2018/10/30 11:31:30] Total 6400 files processed
[INFO]-[2018/10/30 11:31:30] Total 6400 files processed
[INFO]-[2018/10/30 11:31:30] Total 6450 files processed
[INFO]-[2018/10/30 11:31:30] Total 6450 files processed
[INFO]-[2018/10/30 11:31:30] Total 6500 files processed
[INFO]-[2018/10/30 11:31:30] Total 6500 files processed
[INFO]-[2018/10/30 11:31:30] Total 6550 files processed
[INFO]-[2018/10/30 11:31:30] Total 6550 files processed
[INFO]-[2018/10/30 11:31:30] Total 6600 files processed
[INFO]-[2018/10/30 11:31:30] Total 6600 files processed
[INFO]-[2018/10/30 11:31:31] Total 6650 files processed
[INFO]-[2018/10/30 11:31:31] Total 6650 files processed
[INFO]-[2018/10/30 11:31:31] Total 6700 files processed
[INFO]-[2018/10/30 11:31:31] Total 6700 files processed
[INFO]-[2018/10/30 11:31:31] Total 6750 files processed
[INFO]-[2018/10/30 11:31:31] Total 6750 files processed
[INFO]-[2018/10/30 11:31:31] Total 6800 files processed
[INFO]-[2018/10/30 11:31:31] Total 6800 files processed
[INFO]-[2018/10/30 11:31:31] Total 6850 files processed
[INFO]-[2018/10/30 11:31:31] Total 6850 files processed
[INFO]-[2018/10/30 11:31:31] Total 6900 files processed
[INFO]-[2018/10/30 11:31:31] Total 6900 files processed
[INFO]-[2018/10/30 11:31:31] Total 6950 files processed
[INFO]-[2018/10/30 11:31:31] Total 6950 files processed
[INFO]-[2018/10/30 11:31:31] Total 7000 files processed
[INFO]-[2018/10/30 11:31:31] Total 7000 files processed
[INFO]-[2018/10/30 11:31:31] Total 7050 files processed
[INFO]-[2018/10/30 11:31:31] Total 7050 files processed
[INFO]-[2018/10/30 11:31:32] Total 7100 files processed
[INFO]-[2018/10/30 11:31:32] Total 7100 files processed
[INFO]-[2018/10/30 11:31:32] Total 7150 files processed
[INFO]-[2018/10/30 11:31:32] Total 7150 files processed
[INFO]-[2018/10/30 11:31:32] Total 7200 files processed
[INFO]-[2018/10/30 11:31:32] Total 7200 files processed
[INFO]-[2018/10/30 11:31:32] Total 7250 files processed
[INFO]-[2018/10/30 11:31:32] Total 7250 files processed
[INFO]-[2018/10/30 11:31:32] Total 7300 files processed
[INFO]-[2018/10/30 11:31:32] Total 7300 files processed
[INFO]-[2018/10/30 11:31:32] Total 7350 files processed
[INFO]-[2018/10/30 11:31:32] Total 7350 files processed
[INFO]-[2018/10/30 11:31:32] Total 7400 files processed
[INFO]-[2018/10/30 11:31:32] Total 7400 files processed
[INFO]-[2018/10/30 11:31:32] Total 7450 files processed
[INFO]-[2018/10/30 11:31:32] Total 7450 files processed
[INFO]-[2018/10/30 11:31:32] Total 7500 files processed
[INFO]-[2018/10/30 11:31:32] Total 7500 files processed
[INFO]-[2018/10/30 11:31:33] Total 7550 files processed
[INFO]-[2018/10/30 11:31:33] Total 7550 files processed
[INFO]-[2018/10/30 11:31:33] Total 7600 files processed
[INFO]-[2018/10/30 11:31:33] Total 7600 files processed
[INFO]-[2018/10/30 11:31:33] Total 7650 files processed
[INFO]-[2018/10/30 11:31:33] Total 7650 files processed
[INFO]-[2018/10/30 11:31:33] Total 7700 files processed
[INFO]-[2018/10/30 11:31:33] Total 7700 files processed
[INFO]-[2018/10/30 11:31:33] Total 7750 files processed
[INFO]-[2018/10/30 11:31:33] Total 7750 files processed
[INFO]-[2018/10/30 11:31:33] Total 7800 files processed
[INFO]-[2018/10/30 11:31:33] Total 7800 files processed
[INFO]-[2018/10/30 11:31:33] Total 7850 files processed
[INFO]-[2018/10/30 11:31:33] Total 7850 files processed
[INFO]-[2018/10/30 11:31:33] Total 7900 files processed
[INFO]-[2018/10/30 11:31:33] Total 7900 files processed
[INFO]-[2018/10/30 11:31:33] Total 7950 files processed
[INFO]-[2018/10/30 11:31:33] Total 7950 files processed
[INFO]-[2018/10/30 11:31:34] Total 8000 files processed
[INFO]-[2018/10/30 11:31:34] Total 8000 files processed
[INFO]-[2018/10/30 11:31:34] Total 8050 files processed
[INFO]-[2018/10/30 11:31:34] Total 8050 files processed
[INFO]-[2018/10/30 11:31:34] Total 8100 files processed
[INFO]-[2018/10/30 11:31:34] Total 8100 files processed
[INFO]-[2018/10/30 11:31:34] Total 8150 files processed
[INFO]-[2018/10/30 11:31:34] Total 8150 files processed
[INFO]-[2018/10/30 11:31:34] Total 8200 files processed
[INFO]-[2018/10/30 11:31:34] Total 8200 files processed
[INFO]-[2018/10/30 11:31:34] Total 8250 files processed
[INFO]-[2018/10/30 11:31:34] Total 8250 files processed
[INFO]-[2018/10/30 11:31:34] Total 8300 files processed
[INFO]-[2018/10/30 11:31:34] Total 8300 files processed
[INFO]-[2018/10/30 11:31:34] Total 8350 files processed
[INFO]-[2018/10/30 11:31:34] Total 8350 files processed
[INFO]-[2018/10/30 11:31:34] Total 8400 files processed
[INFO]-[2018/10/30 11:31:34] Total 8400 files processed
[INFO]-[2018/10/30 11:31:35] Total 8450 files processed
[INFO]-[2018/10/30 11:31:35] Total 8450 files processed
[INFO]-[2018/10/30 11:31:35] Trying to copy big file: /var/www/html/wp-content/uploads/GeoLite2-Country.mmdb -> /var/www/html/wpstage/wp-content/uploads/GeoLite2-Country.mmdb
[INFO]-[2018/10/30 11:31:35] Trying to copy big file: /var/www/html/wp-content/uploads/revisr-backups/revisr_wp_options.sql -> /var/www/html/wpstage/wp-content/uploads/revisr-backups/revisr_wp_options.sql
[INFO]-[2018/10/30 11:31:35] Total 8500 files processed
[INFO]-[2018/10/30 11:31:35] Trying to copy big file: /var/www/html/wp-content/uploads/GeoLite2-Country.mmdb -> /var/www/html/wpstage/wp-content/uploads/GeoLite2-Country.mmdb
[INFO]-[2018/10/30 11:31:35] Trying to copy big file: /var/www/html/wp-content/uploads/revisr-backups/revisr_wp_options.sql -> /var/www/html/wpstage/wp-content/uploads/revisr-backups/revisr_wp_options.sql
[INFO]-[2018/10/30 11:31:35] Total 8500 files processed
[INFO]-[2018/10/30 11:31:35] Skipping big file: /var/www/html/wp-content/uploads/revisr-backups/revisr_wpstg0_options.sql
[INFO]-[2018/10/30 11:31:35] Total 8550 files processed
[INFO]-[2018/10/30 11:31:35] Skipping big file: /var/www/html/wp-content/uploads/revisr-backups/revisr_wpstg0_options.sql
[INFO]-[2018/10/30 11:31:35] Total 8550 files processed
[INFO]-[2018/10/30 11:31:35] Total 8600 files processed
[INFO]-[2018/10/30 11:31:35] Total 8600 files processed
[INFO]-[2018/10/30 11:31:35] Skipping big file: /var/www/html/wp-content/uploads/2018/10/10-6.png
[INFO]-[2018/10/30 11:31:35] Total 8650 files processed
[INFO]-[2018/10/30 11:31:35] Skipping big file: /var/www/html/wp-content/uploads/2018/10/10-6.png
[INFO]-[2018/10/30 11:31:35] Total 8650 files processed
[INFO]-[2018/10/30 11:31:35] Total 8700 files processed
[INFO]-[2018/10/30 11:31:35] Total 8700 files processed
[INFO]-[2018/10/30 11:31:35] Total 8750 files processed
[INFO]-[2018/10/30 11:31:35] Total 8750 files processed
[INFO]-[2018/10/30 11:31:35] Trying to copy big file: /var/www/html/wp-content/uploads/2018/10/2741_FullLite_AS_Spartito_Back.jpg -> /var/www/html/wpstage/wp-content/uploads/2018/10/2741_FullLite_AS_Spartito_Back.jpg
[INFO]-[2018/10/30 11:31:35] Skipping big file: /var/www/html/wp-content/uploads/2018/10/fg_full_lite_coastal_chic_clear_oxygen_emtek_ares_sn.jpg
[INFO]-[2018/10/30 11:31:35] Total 8800 files processed
[INFO]-[2018/10/30 11:31:35] Trying to copy big file: /var/www/html/wp-content/uploads/2018/10/2741_FullLite_AS_Spartito_Back.jpg -> /var/www/html/wpstage/wp-content/uploads/2018/10/2741_FullLite_AS_Spartito_Back.jpg
[INFO]-[2018/10/30 11:31:35] Skipping big file: /var/www/html/wp-content/uploads/2018/10/fg_full_lite_coastal_chic_clear_oxygen_emtek_ares_sn.jpg
[INFO]-[2018/10/30 11:31:35] Total 8800 files processed
[INFO]-[2018/10/30 11:31:36] Total 8850 files processed
[INFO]-[2018/10/30 11:31:36] Total 8850 files processed
[INFO]-[2018/10/30 11:31:36] Total 8900 files processed
[INFO]-[2018/10/30 11:31:36] Total 8900 files processed
[INFO]-[2018/10/30 11:31:36] Total 8950 files processed
[INFO]-[2018/10/30 11:31:36] Total 8950 files processed
[INFO]-[2018/10/30 11:31:36] Trying to copy big file: /var/www/html/wp-content/uploads/2018/10/2741_Hollister_Cranberry_Franklin_front-1.jpg -> /var/www/html/wpstage/wp-content/uploads/2018/10/2741_Hollister_Cranberry_Franklin_front-1.jpg
[INFO]-[2018/10/30 11:31:36] Trying to copy big file: /var/www/html/wp-content/uploads/2018/10/2741_Hollister_AS_Franklin_Back-1.jpg -> /var/www/html/wpstage/wp-content/uploads/2018/10/2741_Hollister_AS_Franklin_Back-1.jpg
[INFO]-[2018/10/30 11:31:36] Total 9000 files processed
[INFO]-[2018/10/30 11:31:36] Trying to copy big file: /var/www/html/wp-content/uploads/2018/10/2741_Hollister_Cranberry_Franklin_front-1.jpg -> /var/www/html/wpstage/wp-content/uploads/2018/10/2741_Hollister_Cranberry_Franklin_front-1.jpg
[INFO]-[2018/10/30 11:31:36] Trying to copy big file: /var/www/html/wp-content/uploads/2018/10/2741_Hollister_AS_Franklin_Back-1.jpg -> /var/www/html/wpstage/wp-content/uploads/2018/10/2741_Hollister_AS_Franklin_Back-1.jpg
[INFO]-[2018/10/30 11:31:36] Total 9000 files processed
[INFO]-[2018/10/30 11:31:36] Trying to copy big file: /var/www/html/wp-content/uploads/2018/10/2741_FullLite_RC_Franklin_Front.jpg -> /var/www/html/wpstage/wp-content/uploads/2018/10/2741_FullLite_RC_Franklin_Front.jpg
[INFO]-[2018/10/30 11:31:36] Total 9050 files processed
[INFO]-[2018/10/30 11:31:36] Trying to copy big file: /var/www/html/wp-content/uploads/2018/10/2741_FullLite_RC_Franklin_Front.jpg -> /var/www/html/wpstage/wp-content/uploads/2018/10/2741_FullLite_RC_Franklin_Front.jpg
[INFO]-[2018/10/30 11:31:36] Total 9050 files processed
[INFO]-[2018/10/30 11:31:36] Total 9100 files processed
[INFO]-[2018/10/30 11:31:36] Total 9100 files processed
[INFO]-[2018/10/30 11:31:36] Trying to copy big file: /var/www/html/wp-content/uploads/2018/10/2741_Hollister_AS_Franklin_Back.jpg -> /var/www/html/wpstage/wp-content/uploads/2018/10/2741_Hollister_AS_Franklin_Back.jpg
[INFO]-[2018/10/30 11:31:36] Total 9150 files processed
[INFO]-[2018/10/30 11:31:36] Trying to copy big file: /var/www/html/wp-content/uploads/2018/10/2741_Hollister_AS_Franklin_Back.jpg -> /var/www/html/wpstage/wp-content/uploads/2018/10/2741_Hollister_AS_Franklin_Back.jpg
[INFO]-[2018/10/30 11:31:36] Total 9150 files processed
[INFO]-[2018/10/30 11:31:36] Total 9200 files processed
[INFO]-[2018/10/30 11:31:36] Total 9200 files processed
[INFO]-[2018/10/30 11:31:37] Trying to copy big file: /var/www/html/wp-content/uploads/2018/10/2741_Hollister_NS_Spartito_Back.jpg -> /var/www/html/wpstage/wp-content/uploads/2018/10/2741_Hollister_NS_Spartito_Back.jpg
[INFO]-[2018/10/30 11:31:37] Trying to copy big file: /var/www/html/wp-content/uploads/2018/10/2741_Hollister_Cranberry_Franklin_front.jpg -> /var/www/html/wpstage/wp-content/uploads/2018/10/2741_Hollister_Cranberry_Franklin_front.jpg
[INFO]-[2018/10/30 11:31:37] Total 9250 files processed
[INFO]-[2018/10/30 11:31:37] Trying to copy big file: /var/www/html/wp-content/uploads/2018/10/2741_Hollister_NS_Spartito_Back.jpg -> /var/www/html/wpstage/wp-content/uploads/2018/10/2741_Hollister_NS_Spartito_Back.jpg
[INFO]-[2018/10/30 11:31:37] Trying to copy big file: /var/www/html/wp-content/uploads/2018/10/2741_Hollister_Cranberry_Franklin_front.jpg -> /var/www/html/wpstage/wp-content/uploads/2018/10/2741_Hollister_Cranberry_Franklin_front.jpg
[INFO]-[2018/10/30 11:31:37] Total 9250 files processed
[INFO]-[2018/10/30 11:31:37] Total 9300 files processed
[INFO]-[2018/10/30 11:31:37] Total 9300 files processed
[INFO]-[2018/10/30 11:31:37] Total 9350 files processed
[INFO]-[2018/10/30 11:31:37] Total 9350 files processed
[INFO]-[2018/10/30 11:31:37] Total 9400 files processed
[INFO]-[2018/10/30 11:31:37] Total 9400 files processed
[INFO]-[2018/10/30 11:31:37] Total 9450 files processed
[INFO]-[2018/10/30 11:31:37] Total 9450 files processed
[INFO]-[2018/10/30 11:31:37] Total 9500 files processed
[INFO]-[2018/10/30 11:31:37] Total 9500 files processed
[INFO]-[2018/10/30 11:31:37] Total 9550 files processed
[INFO]-[2018/10/30 11:31:37] Total 9550 files processed
[INFO]-[2018/10/30 11:31:37] Total 9600 files processed
[INFO]-[2018/10/30 11:31:37] Total 9600 files processed
[INFO]-[2018/10/30 11:31:37] Total 9650 files processed
[INFO]-[2018/10/30 11:31:37] Total 9650 files processed
[INFO]-[2018/10/30 11:31:38] Total 9700 files processed
[INFO]-[2018/10/30 11:31:38] Total 9700 files processed
[INFO]-[2018/10/30 11:31:38] Total 9750 files processed
[INFO]-[2018/10/30 11:31:38] Total 9750 files processed
[INFO]-[2018/10/30 11:31:38] Total 9800 files processed
[INFO]-[2018/10/30 11:31:38] Total 9800 files processed
[INFO]-[2018/10/30 11:31:38] Total 9850 files processed
[INFO]-[2018/10/30 11:31:38] Total 9850 files processed
[INFO]-[2018/10/30 11:31:38] Total 9900 files processed
[INFO]-[2018/10/30 11:31:38] Total 9900 files processed
[INFO]-[2018/10/30 11:31:38] Total 9950 files processed
[INFO]-[2018/10/30 11:31:38] Total 9950 files processed
[INFO]-[2018/10/30 11:31:38] Total 10000 files processed
[INFO]-[2018/10/30 11:31:38] Total 10000 files processed
[INFO]-[2018/10/30 11:31:38] Total 10050 files processed
[INFO]-[2018/10/30 11:31:38] Total 10050 files processed
[INFO]-[2018/10/30 11:31:38] Total 10100 files processed
[INFO]-[2018/10/30 11:31:38] Total 10100 files processed
[INFO]-[2018/10/30 11:31:39] Total 10150 files processed
[INFO]-[2018/10/30 11:31:39] Total 10150 files processed
[INFO]-[2018/10/30 11:31:39] Total 10200 files processed
[INFO]-[2018/10/30 11:31:39] Total 10200 files processed
[INFO]-[2018/10/30 11:31:39] Total 10250 files processed
[INFO]-[2018/10/30 11:31:39] Total 10250 files processed
[INFO]-[2018/10/30 11:31:39] Total 10300 files processed
[INFO]-[2018/10/30 11:31:39] Total 10300 files processed
[INFO]-[2018/10/30 11:31:39] Total 10350 files processed
[INFO]-[2018/10/30 11:31:39] Total 10350 files processed
[INFO]-[2018/10/30 11:31:39] Total 10400 files processed
[INFO]-[2018/10/30 11:31:39] Total 10400 files processed
[INFO]-[2018/10/30 11:31:39] Total 10450 files processed
[INFO]-[2018/10/30 11:31:39] Total 10450 files processed
[INFO]-[2018/10/30 11:31:39] Total 10500 files processed
[INFO]-[2018/10/30 11:31:39] Total 10500 files processed
[INFO]-[2018/10/30 11:31:39] Total 10550 files processed
[INFO]-[2018/10/30 11:31:39] Total 10550 files processed
[INFO]-[2018/10/30 11:31:39] Total 10600 files processed
[INFO]-[2018/10/30 11:31:39] Total 10600 files processed
[INFO]-[2018/10/30 11:31:40] Total 10650 files processed
[INFO]-[2018/10/30 11:31:40] Total 10650 files processed
[INFO]-[2018/10/30 11:31:40] Total 10700 files processed
[INFO]-[2018/10/30 11:31:40] Total 10700 files processed
[INFO]-[2018/10/30 11:31:40] Total 10750 files processed
[INFO]-[2018/10/30 11:31:40] Total 10750 files processed
[INFO]-[2018/10/30 11:31:40] Total 10800 files processed
[INFO]-[2018/10/30 11:31:40] Total 10800 files processed
[INFO]-[2018/10/30 11:31:40] Total 10850 files processed
[INFO]-[2018/10/30 11:31:40] Total 10850 files processed
[INFO]-[2018/10/30 11:31:40] Total 10900 files processed
[INFO]-[2018/10/30 11:31:40] Total 10900 files processed
[INFO]-[2018/10/30 11:31:40] Total 10950 files processed
[INFO]-[2018/10/30 11:31:40] Total 10950 files processed
[INFO]-[2018/10/30 11:31:40] Total 11000 files processed
[INFO]-[2018/10/30 11:31:40] Total 11000 files processed
[INFO]-[2018/10/30 11:31:41] Total 11050 files processed
[INFO]-[2018/10/30 11:31:41] Total 11050 files processed
[INFO]-[2018/10/30 11:31:41] Total 11100 files processed
[INFO]-[2018/10/30 11:31:41] Total 11100 files processed
[INFO]-[2018/10/30 11:31:41] Copying files finished
[INFO]-[2018/10/30 11:31:41] Copying files finished
[INFO]-[2018/10/30 11:31:41] Preparing Data Step0: Check if wp-config.php is located in root path
[INFO]-[2018/10/30 11:31:41] Preparing Data Step0: Skip it
[INFO]-[2018/10/30 11:31:41] Preparing Data Step0: Check if wp-config.php is located in root path
[INFO]-[2018/10/30 11:31:41] Preparing Data Step0: Skip it
[INFO]-[2018/10/30 11:31:41] Preparing Data Step1: Updating siteurl and homeurl in wpstg1_options 
[INFO]-[2018/10/30 11:31:41] Preparing Data Step1: Updating siteurl and homeurl to http://35.184.206.37/wpstage
[INFO]-[2018/10/30 11:31:41] Preparing Data Step1: Successfull
[INFO]-[2018/10/30 11:31:41] Preparing Data Step1: Updating siteurl and homeurl in wpstg1_options 
[INFO]-[2018/10/30 11:31:41] Preparing Data Step1: Updating siteurl and homeurl to http://35.184.206.37/wpstage
[INFO]-[2018/10/30 11:31:41] Preparing Data Step1: Successfull
[INFO]-[2018/10/30 11:31:41] Preparing Data Step2: Updating row wpstg_is_staging_site in wpstg1_options 
[INFO]-[2018/10/30 11:31:41] Preparing Data Step2: Successfull
[INFO]-[2018/10/30 11:31:41] Preparing Data Step2: Updating row wpstg_is_staging_site in wpstg1_options 
[INFO]-[2018/10/30 11:31:41] Preparing Data Step2: Successfull
[INFO]-[2018/10/30 11:31:41] Preparing Data Step3: Updating rewrite_rules in wpstg1_options 
[INFO]-[2018/10/30 11:31:41] Preparing Data Step3: Updating rewrite_rules in wpstg1_options 
[INFO]-[2018/10/30 11:31:41] Preparing Data Step4: Updating db prefix in wpstg1_usermeta. 
[INFO]-[2018/10/30 11:31:41] Preparing Data Step4: Updating db prefix in wpstg1_usermeta. 
[INFO]-[2018/10/30 11:31:41] Preparing Data Step5: Updating table_prefix in /var/www/html/wpstage/wp-config.php to wpstg1_
[INFO]-[2018/10/30 11:31:41] Preparing Data Step5: Updating table_prefix in /var/www/html/wpstage/wp-config.php to wpstg1_
[]-[] 
[]-[] 
[INFO]-[2018/10/30 11:31:42] Preparing Data Step7: Updating wpstg_rmpermalinks_executed in wpstg1_options 
[WARNING]-[2018/10/30 11:31:42] Failed to update wpstg_rmpermalinks_executed in wpstg1_options 
[INFO]-[2018/10/30 11:31:42] Preparing Data Step7: Updating wpstg_rmpermalinks_executed in wpstg1_options 
[WARNING]-[2018/10/30 11:31:42] Failed to update wpstg_rmpermalinks_executed in wpstg1_options 
[INFO]-[2018/10/30 11:31:42] Preparing Data Step8: Updating permalink_structure in wpstg1_options 
[INFO]-[2018/10/30 11:31:42] Preparing Data Step8: Finished Step 8 successfully
[INFO]-[2018/10/30 11:31:42] Preparing Data Step8: Updating permalink_structure in wpstg1_options 
[INFO]-[2018/10/30 11:31:42] Preparing Data Step8: Finished Step 8 successfully
[INFO]-[2018/10/30 11:31:42] Preparing Data Step9: Set staging site to noindex
[INFO]-[2018/10/30 11:31:42] Preparing Data Step9: Finished Step 9 successfully
[INFO]-[2018/10/30 11:31:42] Preparing Data Step9: Set staging site to noindex
[INFO]-[2018/10/30 11:31:42] Preparing Data Step9: Finished Step 9 successfully
[INFO]-[2018/10/30 11:31:42] Preparing Data Step10: Updating WP_HOME in wp-config.php to http://35.184.206.37/wpstage
[INFO]-[2018/10/30 11:31:42] Preparing Data: Finished Step 10 successfully
[INFO]-[2018/10/30 11:31:42] Preparing Data Step10: Updating WP_HOME in wp-config.php to http://35.184.206.37/wpstage
[INFO]-[2018/10/30 11:31:42] Preparing Data: Finished Step 10 successfully
[INFO]-[2018/10/30 11:31:42] Preparing Data Step11: Updating WP_SITEURL in wp-config.php to http://35.184.206.37/wpstage
[INFO]-[2018/10/30 11:31:42] Preparing Data: Finished Step 11 successfully
[INFO]-[2018/10/30 11:31:42] Preparing Data Step11: Updating WP_SITEURL in wp-config.php to http://35.184.206.37/wpstage
[INFO]-[2018/10/30 11:31:42] Preparing Data: Finished Step 11 successfully
[INFO]-[2018/10/30 11:31:42] Preparing Data Step12: Updating db prefix in wpstg1_options.
[INFO]-[2018/10/30 11:31:42] Updating option_name in wpstg1_options. Last error: 
[INFO]-[2018/10/30 11:31:42] Preparing Data: Finished Step 12 successfully
[INFO]-[2018/10/30 11:31:42] Preparing Data Step12: Updating db prefix in wpstg1_options.
[INFO]-[2018/10/30 11:31:42] Updating option_name in wpstg1_options. Last error: 
[INFO]-[2018/10/30 11:31:42] Preparing Data: Finished Step 12 successfully
[INFO]-[2018/10/30 11:31:42] Preparing Data Step13: Updating upload_path wpstg1_options.
[INFO]-[2018/10/30 11:31:42] Preparing Data Step13: Skipping
[INFO]-[2018/10/30 11:31:42] Preparing Data Step13: Updating upload_path wpstg1_options.
[INFO]-[2018/10/30 11:31:42] Preparing Data Step13: Skipping
[INFO]-[2018/10/30 11:31:42] Preparing Data Step14: Set WP_CACHE in wp-config.php to false
[INFO]-[2018/10/30 11:31:42] Preparing Data Step14: WP_CACHE not defined in wp-config.php. Skipping this step.
[INFO]-[2018/10/30 11:31:42] Preparing Data: Finished Step 14 successfully
[INFO]-[2018/10/30 11:31:42] Preparing Data Step14: Set WP_CACHE in wp-config.php to false
[INFO]-[2018/10/30 11:31:42] Preparing Data Step14: WP_CACHE not defined in wp-config.php. Skipping this step.
[INFO]-[2018/10/30 11:31:42] Preparing Data: Finished Step 14 successfully
[]-[] 
[]-[] 
[INFO]-[2018/10/30 11:31:43] Finish: Deleting clone job's cache files...
[INFO]-[2018/10/30 11:31:43] Finish: Clone job's cache files have been deleted!
[INFO]-[2018/10/30 11:31:43] Finish: Verifying existing clones...
[INFO]-[2018/10/30 11:31:43] Finish: WpStage's clone job's data is not in database, generating data
[INFO]-[2018/10/30 11:31:43] Finish: Deleting clone job's cache files...
[INFO]-[2018/10/30 11:31:43] Finish: Clone job's cache files have been deleted!
[INFO]-[2018/10/30 11:31:43] Finish: Verifying existing clones...
[INFO]-[2018/10/30 11:31:43] Finish: WpStage's clone job's data is not in database, generating data
